2017-03-29 10:13:59,989 [Worker-17] INFO  o.e.m.c.i.l.LifecycleMappingFactory - Using org.eclipse.m2e.jdt.JarLifecycleMapping lifecycle mapping for MavenProject: br.com.rafaelvcunha:SpringBatchExample:1.0-SNAPSHOT @ /home/rafael/desenvolvimento/workspaces/springworkspace/SpringBatchExample/pom.xml.
2017-03-29 10:14:02,078 [Worker-17] INFO  o.e.m.j.i.AbstractJavaProjectConfigurator - Adding source folder /SpringBatchExample/src/main/java
2017-03-29 10:14:02,086 [Worker-17] INFO  o.e.m.j.i.AbstractJavaProjectConfigurator - Adding source folder /SpringBatchExample/src/test/java
2017-03-29 10:14:03,306 [Worker-17] INFO  o.e.m.c.i.p.ProjectConfigurationManager - Imported and configured 1 project(s) in 14 sec
2017-03-29 10:14:12,375 [Worker-9] WARN  o.e.m.c.i.embedder.EclipseLogger - Using platform encoding (UTF-8 actually) to copy filtered resources, i.e. build is platform dependent!
2017-03-29 10:14:12,378 [Worker-9] INFO  o.e.m.c.i.embedder.EclipseLogger - skip non existing resourceDirectory /home/rafael/desenvolvimento/workspaces/springworkspace/SpringBatchExample/src/main/resources
2017-03-29 10:14:12,383 [Worker-9] WARN  o.e.m.c.i.embedder.EclipseLogger - Using platform encoding (UTF-8 actually) to copy filtered resources, i.e. build is platform dependent!
2017-03-29 10:14:12,384 [Worker-9] INFO  o.e.m.c.i.embedder.EclipseLogger - skip non existing resourceDirectory /home/rafael/desenvolvimento/workspaces/springworkspace/SpringBatchExample/src/test/resources
2017-03-29 10:27:14,268 [Worker-24] INFO  o.e.m.c.i.e.AbstractTransferListenerAdapter - Downloading https://repo.maven.apache.org/maven2/org/apache/maven/plugins/maven-compiler-plugin/2.3.2/maven-compiler-plugin-2.3.2.jar
2017-03-29 10:27:14,631 [Worker-24] INFO  o.e.m.c.i.e.AbstractTransferListenerAdapter - Downloaded https://repo.maven.apache.org/maven2/org/apache/maven/plugins/maven-compiler-plugin/2.3.2/maven-compiler-plugin-2.3.2.jar
2017-03-29 10:27:14,944 [Worker-24] INFO  o.e.m.c.i.e.AbstractTransferListenerAdapter - Downloading https://repo.maven.apache.org/maven2/org/apache/maven/plugins/maven-compiler-plugin/2.3.2/maven-compiler-plugin-2.3.2.pom
2017-03-29 10:27:15,109 [Worker-24] INFO  o.e.m.c.i.e.AbstractTransferListenerAdapter - Downloaded https://repo.maven.apache.org/maven2/org/apache/maven/plugins/maven-compiler-plugin/2.3.2/maven-compiler-plugin-2.3.2.pom
2017-03-29 10:27:15,516 [Worker-24] INFO  o.e.m.c.i.e.AbstractTransferListenerAdapter - Downloading https://repo.maven.apache.org/maven2/org/codehaus/plexus/plexus-compiler-api/1.8.1/plexus-compiler-api-1.8.1.pom
2017-03-29 10:27:15,669 [Worker-24] INFO  o.e.m.c.i.e.AbstractTransferListenerAdapter - Downloaded https://repo.maven.apache.org/maven2/org/codehaus/plexus/plexus-compiler-api/1.8.1/plexus-compiler-api-1.8.1.pom
2017-03-29 10:27:15,822 [Worker-24] INFO  o.e.m.c.i.e.AbstractTransferListenerAdapter - Downloading https://repo.maven.apache.org/maven2/org/codehaus/plexus/plexus-compiler/1.8.1/plexus-compiler-1.8.1.pom
2017-03-29 10:27:15,975 [Worker-24] INFO  o.e.m.c.i.e.AbstractTransferListenerAdapter - Downloaded https://repo.maven.apache.org/maven2/org/codehaus/plexus/plexus-compiler/1.8.1/plexus-compiler-1.8.1.pom
2017-03-29 10:27:16,149 [Worker-24] INFO  o.e.m.c.i.e.AbstractTransferListenerAdapter - Downloading https://repo.maven.apache.org/maven2/org/codehaus/plexus/plexus-compiler-manager/1.8.1/plexus-compiler-manager-1.8.1.pom
2017-03-29 10:27:16,300 [Worker-24] INFO  o.e.m.c.i.e.AbstractTransferListenerAdapter - Downloaded https://repo.maven.apache.org/maven2/org/codehaus/plexus/plexus-compiler-manager/1.8.1/plexus-compiler-manager-1.8.1.pom
2017-03-29 10:27:16,454 [Worker-24] INFO  o.e.m.c.i.e.AbstractTransferListenerAdapter - Downloading https://repo.maven.apache.org/maven2/org/codehaus/plexus/plexus-compiler-javac/1.8.1/plexus-compiler-javac-1.8.1.pom
2017-03-29 10:27:16,610 [Worker-24] INFO  o.e.m.c.i.e.AbstractTransferListenerAdapter - Downloaded https://repo.maven.apache.org/maven2/org/codehaus/plexus/plexus-compiler-javac/1.8.1/plexus-compiler-javac-1.8.1.pom
2017-03-29 10:27:16,779 [Worker-24] INFO  o.e.m.c.i.e.AbstractTransferListenerAdapter - Downloading https://repo.maven.apache.org/maven2/org/codehaus/plexus/plexus-compilers/1.8.1/plexus-compilers-1.8.1.pom
2017-03-29 10:27:16,941 [Worker-24] INFO  o.e.m.c.i.e.AbstractTransferListenerAdapter - Downloaded https://repo.maven.apache.org/maven2/org/codehaus/plexus/plexus-compilers/1.8.1/plexus-compilers-1.8.1.pom
2017-03-29 10:27:17,129 [Worker-24] INFO  o.e.m.c.i.e.AbstractTransferListenerAdapter - Downloading https://repo.maven.apache.org/maven2/org/codehaus/plexus/plexus-compiler-api/1.8.1/plexus-compiler-api-1.8.1.jar
2017-03-29 10:27:17,329 [Worker-24] INFO  o.e.m.c.i.e.AbstractTransferListenerAdapter - Downloaded https://repo.maven.apache.org/maven2/org/codehaus/plexus/plexus-compiler-api/1.8.1/plexus-compiler-api-1.8.1.jar
2017-03-29 10:27:17,481 [Worker-24] INFO  o.e.m.c.i.e.AbstractTransferListenerAdapter - Downloading https://repo.maven.apache.org/maven2/org/codehaus/plexus/plexus-compiler-manager/1.8.1/plexus-compiler-manager-1.8.1.jar
2017-03-29 10:27:17,641 [Worker-24] INFO  o.e.m.c.i.e.AbstractTransferListenerAdapter - Downloaded https://repo.maven.apache.org/maven2/org/codehaus/plexus/plexus-compiler-manager/1.8.1/plexus-compiler-manager-1.8.1.jar
2017-03-29 10:27:17,855 [Worker-24] INFO  o.e.m.c.i.e.AbstractTransferListenerAdapter - Downloading https://repo.maven.apache.org/maven2/org/codehaus/plexus/plexus-compiler-javac/1.8.1/plexus-compiler-javac-1.8.1.jar
2017-03-29 10:27:18,029 [Worker-24] INFO  o.e.m.c.i.e.AbstractTransferListenerAdapter - Downloaded https://repo.maven.apache.org/maven2/org/codehaus/plexus/plexus-compiler-javac/1.8.1/plexus-compiler-javac-1.8.1.jar
2017-03-29 10:27:18,392 [Worker-24] INFO  o.e.m.c.i.l.LifecycleMappingFactory - Using org.eclipse.m2e.jdt.JarLifecycleMapping lifecycle mapping for MavenProject: br.com.rafaelvcunha:SpringBatchExample:1.0-SNAPSHOT @ /home/rafael/desenvolvimento/workspaces/springworkspace/SpringBatchExample/pom.xml.
2017-03-29 10:27:19,066 [Worker-24] INFO  o.e.m.c.i.e.AbstractTransferListenerAdapter - Downloading https://repo.maven.apache.org/maven2/org/springframework/spring-core/3.2.2.RELEASE/spring-core-3.2.2.RELEASE.pom
2017-03-29 10:27:19,214 [Worker-24] INFO  o.e.m.c.i.e.AbstractTransferListenerAdapter - Downloaded https://repo.maven.apache.org/maven2/org/springframework/spring-core/3.2.2.RELEASE/spring-core-3.2.2.RELEASE.pom
2017-03-29 10:27:19,374 [Worker-24] INFO  o.e.m.c.i.e.AbstractTransferListenerAdapter - Downloading https://repo.maven.apache.org/maven2/commons-logging/commons-logging/1.1.1/commons-logging-1.1.1.pom
2017-03-29 10:27:19,680 [Worker-24] INFO  o.e.m.c.i.e.AbstractTransferListenerAdapter - Downloaded https://repo.maven.apache.org/maven2/commons-logging/commons-logging/1.1.1/commons-logging-1.1.1.pom
2017-03-29 10:27:19,869 [Worker-24] INFO  o.e.m.c.i.e.AbstractTransferListenerAdapter - Downloading https://repo.maven.apache.org/maven2/org/apache/commons/commons-parent/5/commons-parent-5.pom
2017-03-29 10:27:20,109 [Worker-24] INFO  o.e.m.c.i.e.AbstractTransferListenerAdapter - Downloaded https://repo.maven.apache.org/maven2/org/apache/commons/commons-parent/5/commons-parent-5.pom
2017-03-29 10:27:20,265 [Worker-24] INFO  o.e.m.c.i.e.AbstractTransferListenerAdapter - Downloading https://repo.maven.apache.org/maven2/org/springframework/spring-jdbc/3.2.2.RELEASE/spring-jdbc-3.2.2.RELEASE.pom
2017-03-29 10:27:20,414 [Worker-24] INFO  o.e.m.c.i.e.AbstractTransferListenerAdapter - Downloaded https://repo.maven.apache.org/maven2/org/springframework/spring-jdbc/3.2.2.RELEASE/spring-jdbc-3.2.2.RELEASE.pom
2017-03-29 10:27:20,564 [Worker-24] INFO  o.e.m.c.i.e.AbstractTransferListenerAdapter - Downloading https://repo.maven.apache.org/maven2/org/springframework/spring-beans/3.2.2.RELEASE/spring-beans-3.2.2.RELEASE.pom
2017-03-29 10:27:20,715 [Worker-24] INFO  o.e.m.c.i.e.AbstractTransferListenerAdapter - Downloaded https://repo.maven.apache.org/maven2/org/springframework/spring-beans/3.2.2.RELEASE/spring-beans-3.2.2.RELEASE.pom
2017-03-29 10:27:20,864 [Worker-24] INFO  o.e.m.c.i.e.AbstractTransferListenerAdapter - Downloading https://repo.maven.apache.org/maven2/org/springframework/spring-tx/3.2.2.RELEASE/spring-tx-3.2.2.RELEASE.pom
2017-03-29 10:27:21,019 [Worker-24] INFO  o.e.m.c.i.e.AbstractTransferListenerAdapter - Downloaded https://repo.maven.apache.org/maven2/org/springframework/spring-tx/3.2.2.RELEASE/spring-tx-3.2.2.RELEASE.pom
2017-03-29 10:27:21,219 [Worker-24] INFO  o.e.m.c.i.e.AbstractTransferListenerAdapter - Downloading https://repo.maven.apache.org/maven2/org/springframework/batch/spring-batch-core/2.2.0.RELEASE/spring-batch-core-2.2.0.RELEASE.pom
2017-03-29 10:27:21,389 [Worker-24] INFO  o.e.m.c.i.e.AbstractTransferListenerAdapter - Downloaded https://repo.maven.apache.org/maven2/org/springframework/batch/spring-batch-core/2.2.0.RELEASE/spring-batch-core-2.2.0.RELEASE.pom
2017-03-29 10:27:21,539 [Worker-24] INFO  o.e.m.c.i.e.AbstractTransferListenerAdapter - Downloading https://repo.maven.apache.org/maven2/org/springframework/batch/spring-batch-parent/2.2.0.RELEASE/spring-batch-parent-2.2.0.RELEASE.pom
2017-03-29 10:27:21,740 [Worker-24] INFO  o.e.m.c.i.e.AbstractTransferListenerAdapter - Downloaded https://repo.maven.apache.org/maven2/org/springframework/batch/spring-batch-parent/2.2.0.RELEASE/spring-batch-parent-2.2.0.RELEASE.pom
2017-03-29 10:27:21,912 [Worker-24] INFO  o.e.m.c.i.e.AbstractTransferListenerAdapter - Downloading https://repo.maven.apache.org/maven2/org/springframework/batch/spring-batch-infrastructure/2.2.0.RELEASE/spring-batch-infrastructure-2.2.0.RELEASE.pom
2017-03-29 10:27:22,065 [Worker-24] INFO  o.e.m.c.i.e.AbstractTransferListenerAdapter - Downloaded https://repo.maven.apache.org/maven2/org/springframework/batch/spring-batch-infrastructure/2.2.0.RELEASE/spring-batch-infrastructure-2.2.0.RELEASE.pom
2017-03-29 10:27:22,226 [Worker-24] INFO  o.e.m.c.i.e.AbstractTransferListenerAdapter - Downloading https://repo.maven.apache.org/maven2/org/springframework/spring-core/3.2.0.RELEASE/spring-core-3.2.0.RELEASE.pom
2017-03-29 10:27:22,374 [Worker-24] INFO  o.e.m.c.i.e.AbstractTransferListenerAdapter - Downloaded https://repo.maven.apache.org/maven2/org/springframework/spring-core/3.2.0.RELEASE/spring-core-3.2.0.RELEASE.pom
2017-03-29 10:27:22,525 [Worker-24] INFO  o.e.m.c.i.e.AbstractTransferListenerAdapter - Downloading https://repo.maven.apache.org/maven2/org/springframework/retry/spring-retry/1.0.2.RELEASE/spring-retry-1.0.2.RELEASE.pom
2017-03-29 10:27:22,679 [Worker-24] INFO  o.e.m.c.i.e.AbstractTransferListenerAdapter - Downloaded https://repo.maven.apache.org/maven2/org/springframework/retry/spring-retry/1.0.2.RELEASE/spring-retry-1.0.2.RELEASE.pom
2017-03-29 10:27:22,842 [Worker-24] INFO  o.e.m.c.i.e.AbstractTransferListenerAdapter - Downloading https://repo.maven.apache.org/maven2/org/springframework/spring-context/3.0.5.RELEASE/spring-context-3.0.5.RELEASE.pom
2017-03-29 10:27:22,991 [Worker-24] INFO  o.e.m.c.i.e.AbstractTransferListenerAdapter - Downloaded https://repo.maven.apache.org/maven2/org/springframework/spring-context/3.0.5.RELEASE/spring-context-3.0.5.RELEASE.pom
2017-03-29 10:27:23,142 [Worker-24] INFO  o.e.m.c.i.e.AbstractTransferListenerAdapter - Downloading https://repo.maven.apache.org/maven2/org/springframework/spring-parent/3.0.5.RELEASE/spring-parent-3.0.5.RELEASE.pom
2017-03-29 10:27:23,299 [Worker-24] INFO  o.e.m.c.i.e.AbstractTransferListenerAdapter - Downloaded https://repo.maven.apache.org/maven2/org/springframework/spring-parent/3.0.5.RELEASE/spring-parent-3.0.5.RELEASE.pom
2017-03-29 10:27:23,449 [Worker-24] INFO  o.e.m.c.i.e.AbstractTransferListenerAdapter - Downloading https://repo.maven.apache.org/maven2/org/springframework/spring-aop/3.0.5.RELEASE/spring-aop-3.0.5.RELEASE.pom
2017-03-29 10:27:23,600 [Worker-24] INFO  o.e.m.c.i.e.AbstractTransferListenerAdapter - Downloaded https://repo.maven.apache.org/maven2/org/springframework/spring-aop/3.0.5.RELEASE/spring-aop-3.0.5.RELEASE.pom
2017-03-29 10:27:23,750 [Worker-24] INFO  o.e.m.c.i.e.AbstractTransferListenerAdapter - Downloading https://repo.maven.apache.org/maven2/org/springframework/spring-asm/3.0.5.RELEASE/spring-asm-3.0.5.RELEASE.pom
2017-03-29 10:27:23,899 [Worker-24] INFO  o.e.m.c.i.e.AbstractTransferListenerAdapter - Downloaded https://repo.maven.apache.org/maven2/org/springframework/spring-asm/3.0.5.RELEASE/spring-asm-3.0.5.RELEASE.pom
2017-03-29 10:27:24,050 [Worker-24] INFO  o.e.m.c.i.e.AbstractTransferListenerAdapter - Downloading https://repo.maven.apache.org/maven2/org/springframework/spring-beans/3.0.5.RELEASE/spring-beans-3.0.5.RELEASE.pom
2017-03-29 10:27:24,196 [Worker-24] INFO  o.e.m.c.i.e.AbstractTransferListenerAdapter - Downloaded https://repo.maven.apache.org/maven2/org/springframework/spring-beans/3.0.5.RELEASE/spring-beans-3.0.5.RELEASE.pom
2017-03-29 10:27:24,349 [Worker-24] INFO  o.e.m.c.i.e.AbstractTransferListenerAdapter - Downloading https://repo.maven.apache.org/maven2/org/springframework/spring-core/3.0.5.RELEASE/spring-core-3.0.5.RELEASE.pom
2017-03-29 10:27:24,499 [Worker-24] INFO  o.e.m.c.i.e.AbstractTransferListenerAdapter - Downloaded https://repo.maven.apache.org/maven2/org/springframework/spring-core/3.0.5.RELEASE/spring-core-3.0.5.RELEASE.pom
2017-03-29 10:27:24,652 [Worker-24] INFO  o.e.m.c.i.e.AbstractTransferListenerAdapter - Downloading https://repo.maven.apache.org/maven2/org/springframework/spring-expression/3.0.5.RELEASE/spring-expression-3.0.5.RELEASE.pom
2017-03-29 10:27:24,801 [Worker-24] INFO  o.e.m.c.i.e.AbstractTransferListenerAdapter - Downloaded https://repo.maven.apache.org/maven2/org/springframework/spring-expression/3.0.5.RELEASE/spring-expression-3.0.5.RELEASE.pom
2017-03-29 10:27:24,951 [Worker-24] INFO  o.e.m.c.i.e.AbstractTransferListenerAdapter - Downloading https://repo.maven.apache.org/maven2/com/thoughtworks/xstream/xstream/1.3/xstream-1.3.pom
2017-03-29 10:27:25,115 [Worker-24] INFO  o.e.m.c.i.e.AbstractTransferListenerAdapter - Downloaded https://repo.maven.apache.org/maven2/com/thoughtworks/xstream/xstream/1.3/xstream-1.3.pom
2017-03-29 10:27:25,289 [Worker-24] INFO  o.e.m.c.i.e.AbstractTransferListenerAdapter - Downloading https://repo.maven.apache.org/maven2/com/thoughtworks/xstream/xstream-parent/1.3/xstream-parent-1.3.pom
2017-03-29 10:27:25,460 [Worker-24] INFO  o.e.m.c.i.e.AbstractTransferListenerAdapter - Downloaded https://repo.maven.apache.org/maven2/com/thoughtworks/xstream/xstream-parent/1.3/xstream-parent-1.3.pom
2017-03-29 10:27:25,664 [Worker-24] INFO  o.e.m.c.i.e.AbstractTransferListenerAdapter - Downloading https://repo.maven.apache.org/maven2/org/codehaus/jettison/jettison/1.1/jettison-1.1.pom
2017-03-29 10:27:25,820 [Worker-24] INFO  o.e.m.c.i.e.AbstractTransferListenerAdapter - Downloaded https://repo.maven.apache.org/maven2/org/codehaus/jettison/jettison/1.1/jettison-1.1.pom
2017-03-29 10:27:25,970 [Worker-24] INFO  o.e.m.c.i.e.AbstractTransferListenerAdapter - Downloading https://repo.maven.apache.org/maven2/org/springframework/spring-aop/3.2.0.RELEASE/spring-aop-3.2.0.RELEASE.pom
2017-03-29 10:27:26,120 [Worker-24] INFO  o.e.m.c.i.e.AbstractTransferListenerAdapter - Downloaded https://repo.maven.apache.org/maven2/org/springframework/spring-aop/3.2.0.RELEASE/spring-aop-3.2.0.RELEASE.pom
2017-03-29 10:27:26,274 [Worker-24] INFO  o.e.m.c.i.e.AbstractTransferListenerAdapter - Downloading https://repo.maven.apache.org/maven2/org/springframework/spring-beans/3.2.0.RELEASE/spring-beans-3.2.0.RELEASE.pom
2017-03-29 10:27:26,426 [Worker-24] INFO  o.e.m.c.i.e.AbstractTransferListenerAdapter - Downloaded https://repo.maven.apache.org/maven2/org/springframework/spring-beans/3.2.0.RELEASE/spring-beans-3.2.0.RELEASE.pom
2017-03-29 10:27:26,579 [Worker-24] INFO  o.e.m.c.i.e.AbstractTransferListenerAdapter - Downloading https://repo.maven.apache.org/maven2/org/springframework/spring-context/3.2.0.RELEASE/spring-context-3.2.0.RELEASE.pom
2017-03-29 10:27:26,730 [Worker-24] INFO  o.e.m.c.i.e.AbstractTransferListenerAdapter - Downloaded https://repo.maven.apache.org/maven2/org/springframework/spring-context/3.2.0.RELEASE/spring-context-3.2.0.RELEASE.pom
2017-03-29 10:27:26,880 [Worker-24] INFO  o.e.m.c.i.e.AbstractTransferListenerAdapter - Downloading https://repo.maven.apache.org/maven2/org/springframework/spring-expression/3.2.0.RELEASE/spring-expression-3.2.0.RELEASE.pom
2017-03-29 10:27:27,029 [Worker-24] INFO  o.e.m.c.i.e.AbstractTransferListenerAdapter - Downloaded https://repo.maven.apache.org/maven2/org/springframework/spring-expression/3.2.0.RELEASE/spring-expression-3.2.0.RELEASE.pom
2017-03-29 10:27:27,179 [Worker-24] INFO  o.e.m.c.i.e.AbstractTransferListenerAdapter - Downloading https://repo.maven.apache.org/maven2/org/springframework/spring-tx/3.2.0.RELEASE/spring-tx-3.2.0.RELEASE.pom
2017-03-29 10:27:27,339 [Worker-24] INFO  o.e.m.c.i.e.AbstractTransferListenerAdapter - Downloaded https://repo.maven.apache.org/maven2/org/springframework/spring-tx/3.2.0.RELEASE/spring-tx-3.2.0.RELEASE.pom
2017-03-29 10:27:27,489 [Worker-24] INFO  o.e.m.c.i.e.AbstractTransferListenerAdapter - Downloading https://repo.maven.apache.org/maven2/mysql/mysql-connector-java/5.1.25/mysql-connector-java-5.1.25.pom
2017-03-29 10:27:27,640 [Worker-24] INFO  o.e.m.c.i.e.AbstractTransferListenerAdapter - Downloaded https://repo.maven.apache.org/maven2/mysql/mysql-connector-java/5.1.25/mysql-connector-java-5.1.25.pom
2017-03-29 10:27:27,800 [Worker-24] INFO  o.e.m.c.i.e.AbstractTransferListenerAdapter - Downloading https://repo.maven.apache.org/maven2/org/springframework/spring-core/3.2.2.RELEASE/spring-core-3.2.2.RELEASE.jar
2017-03-29 10:27:28,710 [Worker-24] INFO  o.e.m.c.i.e.AbstractTransferListenerAdapter - Downloaded https://repo.maven.apache.org/maven2/org/springframework/spring-core/3.2.2.RELEASE/spring-core-3.2.2.RELEASE.jar
2017-03-29 10:27:28,890 [Worker-24] INFO  o.e.m.c.i.e.AbstractTransferListenerAdapter - Downloading https://repo.maven.apache.org/maven2/commons-logging/commons-logging/1.1.1/commons-logging-1.1.1.jar
2017-03-29 10:27:29,070 [Worker-24] INFO  o.e.m.c.i.e.AbstractTransferListenerAdapter - Downloaded https://repo.maven.apache.org/maven2/commons-logging/commons-logging/1.1.1/commons-logging-1.1.1.jar
2017-03-29 10:27:29,240 [Worker-24] INFO  o.e.m.c.i.e.AbstractTransferListenerAdapter - Downloading https://repo.maven.apache.org/maven2/org/springframework/spring-jdbc/3.2.2.RELEASE/spring-jdbc-3.2.2.RELEASE.jar
2017-03-29 10:27:29,836 [Worker-24] INFO  o.e.m.c.i.e.AbstractTransferListenerAdapter - Downloaded https://repo.maven.apache.org/maven2/org/springframework/spring-jdbc/3.2.2.RELEASE/spring-jdbc-3.2.2.RELEASE.jar
2017-03-29 10:27:30,000 [Worker-24] INFO  o.e.m.c.i.e.AbstractTransferListenerAdapter - Downloading https://repo.maven.apache.org/maven2/org/springframework/spring-beans/3.2.2.RELEASE/spring-beans-3.2.2.RELEASE.jar
2017-03-29 10:27:30,512 [Worker-24] INFO  o.e.m.c.i.e.AbstractTransferListenerAdapter - Downloaded https://repo.maven.apache.org/maven2/org/springframework/spring-beans/3.2.2.RELEASE/spring-beans-3.2.2.RELEASE.jar
2017-03-29 10:27:30,670 [Worker-24] INFO  o.e.m.c.i.e.AbstractTransferListenerAdapter - Downloading https://repo.maven.apache.org/maven2/org/springframework/spring-tx/3.2.2.RELEASE/spring-tx-3.2.2.RELEASE.jar
2017-03-29 10:27:30,955 [Worker-24] INFO  o.e.m.c.i.e.AbstractTransferListenerAdapter - Downloaded https://repo.maven.apache.org/maven2/org/springframework/spring-tx/3.2.2.RELEASE/spring-tx-3.2.2.RELEASE.jar
2017-03-29 10:27:31,132 [Worker-24] INFO  o.e.m.c.i.e.AbstractTransferListenerAdapter - Downloading https://repo.maven.apache.org/maven2/org/springframework/batch/spring-batch-core/2.2.0.RELEASE/spring-batch-core-2.2.0.RELEASE.jar
2017-03-29 10:27:31,629 [Worker-24] INFO  o.e.m.c.i.e.AbstractTransferListenerAdapter - Downloaded https://repo.maven.apache.org/maven2/org/springframework/batch/spring-batch-core/2.2.0.RELEASE/spring-batch-core-2.2.0.RELEASE.jar
2017-03-29 10:27:31,793 [Worker-24] INFO  o.e.m.c.i.e.AbstractTransferListenerAdapter - Downloading https://repo.maven.apache.org/maven2/com/thoughtworks/xstream/xstream/1.3/xstream-1.3.jar
2017-03-29 10:27:32,253 [Worker-24] INFO  o.e.m.c.i.e.AbstractTransferListenerAdapter - Downloaded https://repo.maven.apache.org/maven2/com/thoughtworks/xstream/xstream/1.3/xstream-1.3.jar
2017-03-29 10:27:32,419 [Worker-24] INFO  o.e.m.c.i.e.AbstractTransferListenerAdapter - Downloading https://repo.maven.apache.org/maven2/org/codehaus/jettison/jettison/1.1/jettison-1.1.jar
2017-03-29 10:27:32,619 [Worker-24] INFO  o.e.m.c.i.e.AbstractTransferListenerAdapter - Downloaded https://repo.maven.apache.org/maven2/org/codehaus/jettison/jettison/1.1/jettison-1.1.jar
2017-03-29 10:27:32,771 [Worker-24] INFO  o.e.m.c.i.e.AbstractTransferListenerAdapter - Downloading https://repo.maven.apache.org/maven2/org/springframework/spring-aop/3.2.0.RELEASE/spring-aop-3.2.0.RELEASE.jar
2017-03-29 10:27:33,241 [Worker-24] INFO  o.e.m.c.i.e.AbstractTransferListenerAdapter - Downloaded https://repo.maven.apache.org/maven2/org/springframework/spring-aop/3.2.0.RELEASE/spring-aop-3.2.0.RELEASE.jar
2017-03-29 10:27:33,411 [Worker-24] INFO  o.e.m.c.i.e.AbstractTransferListenerAdapter - Downloading https://repo.maven.apache.org/maven2/org/springframework/spring-context/3.2.0.RELEASE/spring-context-3.2.0.RELEASE.jar
2017-03-29 10:27:35,342 [Worker-24] INFO  o.e.m.c.i.e.AbstractTransferListenerAdapter - Downloaded https://repo.maven.apache.org/maven2/org/springframework/spring-context/3.2.0.RELEASE/spring-context-3.2.0.RELEASE.jar
2017-03-29 10:27:35,515 [Worker-24] INFO  o.e.m.c.i.e.AbstractTransferListenerAdapter - Downloading https://repo.maven.apache.org/maven2/org/springframework/spring-expression/3.2.0.RELEASE/spring-expression-3.2.0.RELEASE.jar
2017-03-29 10:27:36,755 [Worker-24] INFO  o.e.m.c.i.e.AbstractTransferListenerAdapter - Downloaded https://repo.maven.apache.org/maven2/org/springframework/spring-expression/3.2.0.RELEASE/spring-expression-3.2.0.RELEASE.jar
2017-03-29 10:27:36,913 [Worker-24] INFO  o.e.m.c.i.e.AbstractTransferListenerAdapter - Downloading https://repo.maven.apache.org/maven2/org/springframework/batch/spring-batch-infrastructure/2.2.0.RELEASE/spring-batch-infrastructure-2.2.0.RELEASE.jar
2017-03-29 10:27:39,794 [Worker-24] INFO  o.e.m.c.i.e.AbstractTransferListenerAdapter - Downloaded https://repo.maven.apache.org/maven2/org/springframework/batch/spring-batch-infrastructure/2.2.0.RELEASE/spring-batch-infrastructure-2.2.0.RELEASE.jar
2017-03-29 10:27:39,959 [Worker-24] INFO  o.e.m.c.i.e.AbstractTransferListenerAdapter - Downloading https://repo.maven.apache.org/maven2/org/springframework/retry/spring-retry/1.0.2.RELEASE/spring-retry-1.0.2.RELEASE.jar
2017-03-29 10:27:40,879 [Worker-24] INFO  o.e.m.c.i.e.AbstractTransferListenerAdapter - Downloaded https://repo.maven.apache.org/maven2/org/springframework/retry/spring-retry/1.0.2.RELEASE/spring-retry-1.0.2.RELEASE.jar
2017-03-29 10:27:41,050 [Worker-24] INFO  o.e.m.c.i.e.AbstractTransferListenerAdapter - Downloading https://repo.maven.apache.org/maven2/mysql/mysql-connector-java/5.1.25/mysql-connector-java-5.1.25.jar
2017-03-29 10:27:46,863 [Worker-24] INFO  o.e.m.c.i.e.AbstractTransferListenerAdapter - Downloaded https://repo.maven.apache.org/maven2/mysql/mysql-connector-java/5.1.25/mysql-connector-java-5.1.25.jar
2017-03-29 10:27:48,664 [Worker-24] WARN  o.e.m.c.i.embedder.EclipseLogger - Using platform encoding (UTF-8 actually) to copy filtered resources, i.e. build is platform dependent!
2017-03-29 10:27:48,665 [Worker-24] INFO  o.e.m.c.i.embedder.EclipseLogger - skip non existing resourceDirectory /home/rafael/desenvolvimento/workspaces/springworkspace/SpringBatchExample/src/main/resources
2017-03-29 10:27:48,675 [Worker-24] WARN  o.e.m.c.i.embedder.EclipseLogger - Using platform encoding (UTF-8 actually) to copy filtered resources, i.e. build is platform dependent!
2017-03-29 10:27:48,675 [Worker-24] INFO  o.e.m.c.i.embedder.EclipseLogger - skip non existing resourceDirectory /home/rafael/desenvolvimento/workspaces/springworkspace/SpringBatchExample/src/test/resources
2017-03-29 10:27:50,752 [Worker-26] WARN  o.e.m.c.i.embedder.EclipseLogger - Using platform encoding (UTF-8 actually) to copy filtered resources, i.e. build is platform dependent!
2017-03-29 10:27:50,753 [Worker-26] INFO  o.e.m.c.i.embedder.EclipseLogger - skip non existing resourceDirectory /home/rafael/desenvolvimento/workspaces/springworkspace/SpringBatchExample/src/main/resources
2017-03-29 10:27:50,755 [Worker-26] WARN  o.e.m.c.i.embedder.EclipseLogger - Using platform encoding (UTF-8 actually) to copy filtered resources, i.e. build is platform dependent!
2017-03-29 10:27:50,756 [Worker-26] INFO  o.e.m.c.i.embedder.EclipseLogger - skip non existing resourceDirectory /home/rafael/desenvolvimento/workspaces/springworkspace/SpringBatchExample/src/test/resources
2017-03-29 10:30:22,663 [Worker-26] INFO  o.e.m.c.i.p.ProjectConfigurationManager - Update started
2017-03-29 10:30:22,924 [Worker-26] INFO  o.e.m.c.i.l.LifecycleMappingFactory - Using org.eclipse.m2e.jdt.JarLifecycleMapping lifecycle mapping for MavenProject: br.com.rafaelvcunha:SpringBatchExample:1.0-SNAPSHOT @ /home/rafael/desenvolvimento/workspaces/springworkspace/SpringBatchExample/pom.xml.
2017-03-29 10:30:23,136 [Worker-26] INFO  o.e.m.j.i.AbstractJavaProjectConfigurator - Adding source folder /SpringBatchExample/src/main/java
2017-03-29 10:30:23,136 [Worker-26] INFO  o.e.m.j.i.AbstractJavaProjectConfigurator - Adding source folder /SpringBatchExample/src/test/java
2017-03-29 10:30:23,641 [Worker-26] INFO  o.e.m.c.i.p.ProjectConfigurationManager - Update completed: 0 sec
2017-03-29 10:30:24,774 [Worker-26] WARN  o.e.m.c.i.embedder.EclipseLogger - Using platform encoding (UTF-8 actually) to copy filtered resources, i.e. build is platform dependent!
2017-03-29 10:30:24,775 [Worker-26] INFO  o.e.m.c.i.embedder.EclipseLogger - skip non existing resourceDirectory /home/rafael/desenvolvimento/workspaces/springworkspace/SpringBatchExample/src/main/resources
2017-03-29 10:30:24,777 [Worker-26] WARN  o.e.m.c.i.embedder.EclipseLogger - Using platform encoding (UTF-8 actually) to copy filtered resources, i.e. build is platform dependent!
2017-03-29 10:30:24,778 [Worker-26] INFO  o.e.m.c.i.embedder.EclipseLogger - skip non existing resourceDirectory /home/rafael/desenvolvimento/workspaces/springworkspace/SpringBatchExample/src/test/resources
2017-03-29 10:31:00,513 [Worker-25] INFO  o.e.m.c.i.l.LifecycleMappingFactory - Using org.eclipse.m2e.jdt.JarLifecycleMapping lifecycle mapping for MavenProject: br.com.rafaelvcunha:SpringBatchExample:1.0-SNAPSHOT @ /home/rafael/desenvolvimento/workspaces/springworkspace/SpringBatchExample/pom.xml.
2017-03-29 10:31:00,749 [Worker-25] WARN  o.e.m.c.i.embedder.EclipseLogger - Using platform encoding (UTF-8 actually) to copy filtered resources, i.e. build is platform dependent!
2017-03-29 10:31:00,750 [Worker-25] INFO  o.e.m.c.i.embedder.EclipseLogger - skip non existing resourceDirectory /home/rafael/desenvolvimento/workspaces/springworkspace/SpringBatchExample/src/main/resources
2017-03-29 10:31:00,752 [Worker-25] WARN  o.e.m.c.i.embedder.EclipseLogger - Using platform encoding (UTF-8 actually) to copy filtered resources, i.e. build is platform dependent!
2017-03-29 10:31:00,753 [Worker-25] INFO  o.e.m.c.i.embedder.EclipseLogger - skip non existing resourceDirectory /home/rafael/desenvolvimento/workspaces/springworkspace/SpringBatchExample/src/test/resources
2017-03-29 10:31:11,078 [Worker-32] INFO  o.e.m.c.i.p.ProjectConfigurationManager - Update started
2017-03-29 10:31:11,330 [Worker-32] INFO  o.e.m.c.i.l.LifecycleMappingFactory - Using org.eclipse.m2e.jdt.JarLifecycleMapping lifecycle mapping for MavenProject: br.com.rafaelvcunha:SpringBatchExample:1.0-SNAPSHOT @ /home/rafael/desenvolvimento/workspaces/springworkspace/SpringBatchExample/pom.xml.
2017-03-29 10:31:11,546 [Worker-32] INFO  o.e.m.j.i.AbstractJavaProjectConfigurator - Adding source folder /SpringBatchExample/src/main/java
2017-03-29 10:31:11,551 [Worker-32] INFO  o.e.m.j.i.AbstractJavaProjectConfigurator - Adding source folder /SpringBatchExample/src/test/java
2017-03-29 10:31:11,669 [Worker-32] INFO  o.e.m.c.i.p.ProjectConfigurationManager - Update completed: 0 sec
2017-03-29 10:31:11,994 [Worker-26] WARN  o.e.m.c.i.embedder.EclipseLogger - Using platform encoding (UTF-8 actually) to copy filtered resources, i.e. build is platform dependent!
2017-03-29 10:31:11,997 [Worker-26] INFO  o.e.m.c.i.embedder.EclipseLogger - skip non existing resourceDirectory /home/rafael/desenvolvimento/workspaces/springworkspace/SpringBatchExample/src/main/resources
2017-03-29 10:31:12,000 [Worker-26] WARN  o.e.m.c.i.embedder.EclipseLogger - Using platform encoding (UTF-8 actually) to copy filtered resources, i.e. build is platform dependent!
2017-03-29 10:31:12,000 [Worker-26] INFO  o.e.m.c.i.embedder.EclipseLogger - skip non existing resourceDirectory /home/rafael/desenvolvimento/workspaces/springworkspace/SpringBatchExample/src/test/resources
2017-03-29 10:33:01,159 [Worker-25] WARN  o.e.m.c.i.embedder.EclipseLogger - Using platform encoding (UTF-8 actually) to copy filtered resources, i.e. build is platform dependent!
2017-03-29 10:33:01,160 [Worker-25] INFO  o.e.m.c.i.embedder.EclipseLogger - skip non existing resourceDirectory /home/rafael/desenvolvimento/workspaces/springworkspace/SpringBatchExample/src/main/resources
2017-03-29 10:33:01,161 [Worker-25] WARN  o.e.m.c.i.embedder.EclipseLogger - Using platform encoding (UTF-8 actually) to copy filtered resources, i.e. build is platform dependent!
2017-03-29 10:33:01,162 [Worker-25] INFO  o.e.m.c.i.embedder.EclipseLogger - skip non existing resourceDirectory /home/rafael/desenvolvimento/workspaces/springworkspace/SpringBatchExample/src/test/resources
2017-03-29 10:35:10,092 [Worker-31] INFO  o.e.m.c.i.l.LifecycleMappingFactory - Using org.eclipse.m2e.jdt.JarLifecycleMapping lifecycle mapping for MavenProject: br.com.rafaelvcunha:SpringBatchExample:1.0-SNAPSHOT @ /home/rafael/desenvolvimento/workspaces/springworkspace/SpringBatchExample/pom.xml.
2017-03-29 10:35:10,529 [Worker-31] INFO  o.e.m.c.i.e.AbstractTransferListenerAdapter - Downloading https://repo.spring.io/libs-milestone/org/springframework/batch/spring-batch-core/4.0.0.M1/spring-batch-core-4.0.0.M1.pom
2017-03-29 10:35:10,724 [Worker-31] INFO  o.e.m.c.i.e.AbstractTransferListenerAdapter - Downloaded https://repo.spring.io/libs-milestone/org/springframework/batch/spring-batch-core/4.0.0.M1/spring-batch-core-4.0.0.M1.pom
2017-03-29 10:35:11,026 [Worker-31] INFO  o.e.m.c.i.e.AbstractTransferListenerAdapter - Downloading https://repo.spring.io/libs-milestone/com/thoughtworks/xstream/xstream/1.4.9/xstream-1.4.9.pom
2017-03-29 10:35:11,216 [Worker-31] INFO  o.e.m.c.i.e.AbstractTransferListenerAdapter - Downloaded https://repo.spring.io/libs-milestone/com/thoughtworks/xstream/xstream/1.4.9/xstream-1.4.9.pom
2017-03-29 10:35:11,431 [Worker-31] INFO  o.e.m.c.i.e.AbstractTransferListenerAdapter - Downloading https://repo.spring.io/libs-milestone/com/thoughtworks/xstream/xstream-parent/1.4.9/xstream-parent-1.4.9.pom
2017-03-29 10:35:11,740 [Worker-31] INFO  o.e.m.c.i.e.AbstractTransferListenerAdapter - Downloaded https://repo.spring.io/libs-milestone/com/thoughtworks/xstream/xstream-parent/1.4.9/xstream-parent-1.4.9.pom
2017-03-29 10:35:12,289 [Worker-31] INFO  o.e.m.c.i.e.AbstractTransferListenerAdapter - Downloading https://repo.spring.io/libs-milestone/org/springframework/batch/spring-batch-infrastructure/4.0.0.M1/spring-batch-infrastructure-4.0.0.M1.pom
2017-03-29 10:35:12,492 [Worker-31] INFO  o.e.m.c.i.e.AbstractTransferListenerAdapter - Downloaded https://repo.spring.io/libs-milestone/org/springframework/batch/spring-batch-infrastructure/4.0.0.M1/spring-batch-infrastructure-4.0.0.M1.pom
2017-03-29 10:35:12,682 [Worker-31] INFO  o.e.m.c.i.e.AbstractTransferListenerAdapter - Downloading https://repo.spring.io/libs-milestone/org/springframework/retry/spring-retry/1.1.3.RELEASE/spring-retry-1.1.3.RELEASE.pom
2017-03-29 10:35:12,872 [Worker-31] INFO  o.e.m.c.i.e.AbstractTransferListenerAdapter - Downloaded https://repo.spring.io/libs-milestone/org/springframework/retry/spring-retry/1.1.3.RELEASE/spring-retry-1.1.3.RELEASE.pom
2017-03-29 10:35:13,054 [Worker-31] INFO  o.e.m.c.i.e.AbstractTransferListenerAdapter - Downloading https://repo.spring.io/libs-milestone/org/springframework/spring-framework-bom/4.0.4.RELEASE/spring-framework-bom-4.0.4.RELEASE.pom
2017-03-29 10:35:13,242 [Worker-31] INFO  o.e.m.c.i.e.AbstractTransferListenerAdapter - Downloaded https://repo.spring.io/libs-milestone/org/springframework/spring-framework-bom/4.0.4.RELEASE/spring-framework-bom-4.0.4.RELEASE.pom
2017-03-29 10:35:13,430 [Worker-31] INFO  o.e.m.c.i.e.AbstractTransferListenerAdapter - Downloading https://repo.spring.io/libs-milestone/org/springframework/spring-core/4.0.4.RELEASE/spring-core-4.0.4.RELEASE.pom
2017-03-29 10:35:13,614 [Worker-31] INFO  o.e.m.c.i.e.AbstractTransferListenerAdapter - Downloaded https://repo.spring.io/libs-milestone/org/springframework/spring-core/4.0.4.RELEASE/spring-core-4.0.4.RELEASE.pom
2017-03-29 10:35:13,870 [Worker-31] INFO  o.e.m.c.i.e.AbstractTransferListenerAdapter - Downloading https://repo.spring.io/libs-milestone/org/springframework/spring-core/5.0.0.M4/spring-core-5.0.0.M4.pom
2017-03-29 10:35:14,095 [Worker-31] INFO  o.e.m.c.i.e.AbstractTransferListenerAdapter - Downloaded https://repo.spring.io/libs-milestone/org/springframework/spring-core/5.0.0.M4/spring-core-5.0.0.M4.pom
2017-03-29 10:35:14,314 [Worker-31] INFO  o.e.m.c.i.e.AbstractTransferListenerAdapter - Downloading https://repo.spring.io/libs-milestone/commons-logging/commons-logging/1.2/commons-logging-1.2.pom
2017-03-29 10:35:14,513 [Worker-31] INFO  o.e.m.c.i.e.AbstractTransferListenerAdapter - Downloaded https://repo.spring.io/libs-milestone/commons-logging/commons-logging/1.2/commons-logging-1.2.pom
2017-03-29 10:35:14,719 [Worker-31] INFO  o.e.m.c.i.e.AbstractTransferListenerAdapter - Downloading https://repo.spring.io/libs-milestone/org/apache/commons/commons-parent/34/commons-parent-34.pom
2017-03-29 10:35:14,980 [Worker-31] INFO  o.e.m.c.i.e.AbstractTransferListenerAdapter - Downloaded https://repo.spring.io/libs-milestone/org/apache/commons/commons-parent/34/commons-parent-34.pom
2017-03-29 10:35:15,209 [Worker-31] INFO  o.e.m.c.i.e.AbstractTransferListenerAdapter - Downloading https://repo.spring.io/libs-milestone/org/springframework/spring-aop/5.0.0.M4/spring-aop-5.0.0.M4.pom
2017-03-29 10:35:15,400 [Worker-31] INFO  o.e.m.c.i.e.AbstractTransferListenerAdapter - Downloaded https://repo.spring.io/libs-milestone/org/springframework/spring-aop/5.0.0.M4/spring-aop-5.0.0.M4.pom
2017-03-29 10:35:15,590 [Worker-31] INFO  o.e.m.c.i.e.AbstractTransferListenerAdapter - Downloading https://repo.spring.io/libs-milestone/org/springframework/spring-beans/5.0.0.M4/spring-beans-5.0.0.M4.pom
2017-03-29 10:35:15,771 [Worker-31] INFO  o.e.m.c.i.e.AbstractTransferListenerAdapter - Downloaded https://repo.spring.io/libs-milestone/org/springframework/spring-beans/5.0.0.M4/spring-beans-5.0.0.M4.pom
2017-03-29 10:35:15,983 [Worker-31] INFO  o.e.m.c.i.e.AbstractTransferListenerAdapter - Downloading https://repo.spring.io/libs-milestone/org/springframework/spring-context/5.0.0.M4/spring-context-5.0.0.M4.pom
2017-03-29 10:35:16,173 [Worker-31] INFO  o.e.m.c.i.e.AbstractTransferListenerAdapter - Downloaded https://repo.spring.io/libs-milestone/org/springframework/spring-context/5.0.0.M4/spring-context-5.0.0.M4.pom
2017-03-29 10:35:16,404 [Worker-31] INFO  o.e.m.c.i.e.AbstractTransferListenerAdapter - Downloading https://repo.spring.io/libs-milestone/org/springframework/spring-expression/5.0.0.M4/spring-expression-5.0.0.M4.pom
2017-03-29 10:35:16,590 [Worker-31] INFO  o.e.m.c.i.e.AbstractTransferListenerAdapter - Downloaded https://repo.spring.io/libs-milestone/org/springframework/spring-expression/5.0.0.M4/spring-expression-5.0.0.M4.pom
2017-03-29 10:35:16,799 [Worker-31] INFO  o.e.m.c.i.e.AbstractTransferListenerAdapter - Downloading https://repo.spring.io/libs-milestone/org/springframework/spring-tx/5.0.0.M4/spring-tx-5.0.0.M4.pom
2017-03-29 10:35:16,989 [Worker-31] INFO  o.e.m.c.i.e.AbstractTransferListenerAdapter - Downloaded https://repo.spring.io/libs-milestone/org/springframework/spring-tx/5.0.0.M4/spring-tx-5.0.0.M4.pom
2017-03-29 10:35:17,190 [Worker-31] INFO  o.e.m.c.i.e.AbstractTransferListenerAdapter - Downloading https://repo.spring.io/libs-milestone/org/springframework/batch/spring-batch-core/4.0.0.M1/spring-batch-core-4.0.0.M1.jar
2017-03-29 10:35:18,101 [Worker-31] INFO  o.e.m.c.i.e.AbstractTransferListenerAdapter - Downloaded https://repo.spring.io/libs-milestone/org/springframework/batch/spring-batch-core/4.0.0.M1/spring-batch-core-4.0.0.M1.jar
2017-03-29 10:35:18,291 [Worker-31] INFO  o.e.m.c.i.e.AbstractTransferListenerAdapter - Downloading https://repo.spring.io/libs-milestone/com/thoughtworks/xstream/xstream/1.4.9/xstream-1.4.9.jar
2017-03-29 10:35:18,941 [Worker-31] INFO  o.e.m.c.i.e.AbstractTransferListenerAdapter - Downloaded https://repo.spring.io/libs-milestone/com/thoughtworks/xstream/xstream/1.4.9/xstream-1.4.9.jar
2017-03-29 10:35:19,320 [Worker-31] INFO  o.e.m.c.i.e.AbstractTransferListenerAdapter - Downloading https://repo.spring.io/libs-milestone/org/springframework/spring-aop/5.0.0.M4/spring-aop-5.0.0.M4.jar
2017-03-29 10:35:19,920 [Worker-31] INFO  o.e.m.c.i.e.AbstractTransferListenerAdapter - Downloaded https://repo.spring.io/libs-milestone/org/springframework/spring-aop/5.0.0.M4/spring-aop-5.0.0.M4.jar
2017-03-29 10:35:20,119 [Worker-31] INFO  o.e.m.c.i.e.AbstractTransferListenerAdapter - Downloading https://repo.spring.io/libs-milestone/org/springframework/spring-context/5.0.0.M4/spring-context-5.0.0.M4.jar
2017-03-29 10:35:21,452 [Worker-31] INFO  o.e.m.c.i.e.AbstractTransferListenerAdapter - Downloaded https://repo.spring.io/libs-milestone/org/springframework/spring-context/5.0.0.M4/spring-context-5.0.0.M4.jar
2017-03-29 10:35:21,631 [Worker-31] INFO  o.e.m.c.i.e.AbstractTransferListenerAdapter - Downloading https://repo.spring.io/libs-milestone/org/springframework/spring-expression/5.0.0.M4/spring-expression-5.0.0.M4.jar
2017-03-29 10:35:22,100 [Worker-31] INFO  o.e.m.c.i.e.AbstractTransferListenerAdapter - Downloaded https://repo.spring.io/libs-milestone/org/springframework/spring-expression/5.0.0.M4/spring-expression-5.0.0.M4.jar
2017-03-29 10:35:22,283 [Worker-31] INFO  o.e.m.c.i.e.AbstractTransferListenerAdapter - Downloading https://repo.spring.io/libs-milestone/org/springframework/batch/spring-batch-infrastructure/4.0.0.M1/spring-batch-infrastructure-4.0.0.M1.jar
2017-03-29 10:35:22,825 [Worker-31] INFO  o.e.m.c.i.e.AbstractTransferListenerAdapter - Downloaded https://repo.spring.io/libs-milestone/org/springframework/batch/spring-batch-infrastructure/4.0.0.M1/spring-batch-infrastructure-4.0.0.M1.jar
2017-03-29 10:35:23,010 [Worker-31] INFO  o.e.m.c.i.e.AbstractTransferListenerAdapter - Downloading https://repo.spring.io/libs-milestone/org/springframework/retry/spring-retry/1.1.3.RELEASE/spring-retry-1.1.3.RELEASE.jar
2017-03-29 10:35:23,345 [Worker-31] INFO  o.e.m.c.i.e.AbstractTransferListenerAdapter - Downloaded https://repo.spring.io/libs-milestone/org/springframework/retry/spring-retry/1.1.3.RELEASE/spring-retry-1.1.3.RELEASE.jar
2017-03-29 10:35:24,115 [Worker-31] WARN  o.e.m.c.i.embedder.EclipseLogger - Using platform encoding (UTF-8 actually) to copy filtered resources, i.e. build is platform dependent!
2017-03-29 10:35:24,117 [Worker-31] INFO  o.e.m.c.i.embedder.EclipseLogger - skip non existing resourceDirectory /home/rafael/desenvolvimento/workspaces/springworkspace/SpringBatchExample/src/main/resources
2017-03-29 10:35:24,122 [Worker-31] WARN  o.e.m.c.i.embedder.EclipseLogger - Using platform encoding (UTF-8 actually) to copy filtered resources, i.e. build is platform dependent!
2017-03-29 10:35:24,123 [Worker-31] INFO  o.e.m.c.i.embedder.EclipseLogger - skip non existing resourceDirectory /home/rafael/desenvolvimento/workspaces/springworkspace/SpringBatchExample/src/test/resources
2017-03-29 10:35:25,692 [Worker-33] INFO  o.e.m.c.i.l.LifecycleMappingFactory - Using org.eclipse.m2e.jdt.JarLifecycleMapping lifecycle mapping for MavenProject: br.com.rafaelvcunha:SpringBatchExample:1.0-SNAPSHOT @ /home/rafael/desenvolvimento/workspaces/springworkspace/SpringBatchExample/pom.xml.
2017-03-29 10:35:26,231 [Worker-33] WARN  o.e.m.c.i.embedder.EclipseLogger - Using platform encoding (UTF-8 actually) to copy filtered resources, i.e. build is platform dependent!
2017-03-29 10:35:26,233 [Worker-33] INFO  o.e.m.c.i.embedder.EclipseLogger - skip non existing resourceDirectory /home/rafael/desenvolvimento/workspaces/springworkspace/SpringBatchExample/src/main/resources
2017-03-29 10:35:26,237 [Worker-33] WARN  o.e.m.c.i.embedder.EclipseLogger - Using platform encoding (UTF-8 actually) to copy filtered resources, i.e. build is platform dependent!
2017-03-29 10:35:26,238 [Worker-33] INFO  o.e.m.c.i.embedder.EclipseLogger - skip non existing resourceDirectory /home/rafael/desenvolvimento/workspaces/springworkspace/SpringBatchExample/src/test/resources
2017-03-29 10:52:34,713 [Worker-33] INFO  o.e.m.c.i.l.LifecycleMappingFactory - Using org.eclipse.m2e.jdt.JarLifecycleMapping lifecycle mapping for MavenProject: br.com.rafaelvcunha:SpringBatchExample:1.0-SNAPSHOT @ /home/rafael/desenvolvimento/workspaces/springworkspace/SpringBatchExample/pom.xml.
2017-03-29 10:52:34,747 [Worker-39] INFO  o.e.m.c.i.e.AbstractTransferListenerAdapter - Downloading https://repo.spring.io/libs-milestone/org/springframework/spring-core/4.3.7.RELEASE/spring-core-4.3.7.RELEASE.pom
2017-03-29 10:52:34,925 [Worker-39] INFO  o.e.m.c.i.e.AbstractTransferListenerAdapter - Downloaded https://repo.spring.io/libs-milestone/org/springframework/spring-core/4.3.7.RELEASE/spring-core-4.3.7.RELEASE.pom
2017-03-29 10:52:35,012 [Worker-33] INFO  o.e.m.c.i.e.AbstractTransferListenerAdapter - Downloading https://repo.spring.io/libs-milestone/org/springframework/spring-core/4.3.7.RELEASE/spring-core-4.3.7.RELEASE.pom
2017-03-29 10:52:35,125 [Worker-39] INFO  o.e.m.c.i.e.AbstractTransferListenerAdapter - Downloading https://repo.spring.io/libs-milestone/org/springframework/spring-jdbc/4.3.7.RELEASE/spring-jdbc-4.3.7.RELEASE.pom
2017-03-29 10:52:35,191 [Worker-33] INFO  o.e.m.c.i.e.AbstractTransferListenerAdapter - Downloaded https://repo.spring.io/libs-milestone/org/springframework/spring-core/4.3.7.RELEASE/spring-core-4.3.7.RELEASE.pom
2017-03-29 10:52:35,306 [Worker-39] INFO  o.e.m.c.i.e.AbstractTransferListenerAdapter - Downloaded https://repo.spring.io/libs-milestone/org/springframework/spring-jdbc/4.3.7.RELEASE/spring-jdbc-4.3.7.RELEASE.pom
2017-03-29 10:52:35,496 [Worker-39] INFO  o.e.m.c.i.e.AbstractTransferListenerAdapter - Downloading https://repo.spring.io/libs-milestone/org/springframework/spring-beans/4.3.7.RELEASE/spring-beans-4.3.7.RELEASE.pom
2017-03-29 10:52:35,601 [Worker-33] INFO  o.e.m.c.i.e.AbstractTransferListenerAdapter - Downloading https://repo.spring.io/libs-milestone/org/springframework/spring-jdbc/4.3.7.RELEASE/spring-jdbc-4.3.7.RELEASE.pom
2017-03-29 10:52:35,675 [Worker-39] INFO  o.e.m.c.i.e.AbstractTransferListenerAdapter - Downloaded https://repo.spring.io/libs-milestone/org/springframework/spring-beans/4.3.7.RELEASE/spring-beans-4.3.7.RELEASE.pom
2017-03-29 10:52:35,777 [Worker-33] INFO  o.e.m.c.i.e.AbstractTransferListenerAdapter - Downloaded https://repo.spring.io/libs-milestone/org/springframework/spring-jdbc/4.3.7.RELEASE/spring-jdbc-4.3.7.RELEASE.pom
2017-03-29 10:52:35,861 [Worker-39] INFO  o.e.m.c.i.e.AbstractTransferListenerAdapter - Downloading https://repo.spring.io/libs-milestone/org/springframework/spring-tx/4.3.7.RELEASE/spring-tx-4.3.7.RELEASE.pom
2017-03-29 10:52:35,956 [Worker-33] INFO  o.e.m.c.i.e.AbstractTransferListenerAdapter - Downloading https://repo.spring.io/libs-milestone/org/springframework/spring-tx/4.3.7.RELEASE/spring-tx-4.3.7.RELEASE.pom
2017-03-29 10:52:36,031 [Worker-39] INFO  o.e.m.c.i.e.AbstractTransferListenerAdapter - Downloaded https://repo.spring.io/libs-milestone/org/springframework/spring-tx/4.3.7.RELEASE/spring-tx-4.3.7.RELEASE.pom
2017-03-29 10:52:36,137 [Worker-33] INFO  o.e.m.c.i.e.AbstractTransferListenerAdapter - Downloaded https://repo.spring.io/libs-milestone/org/springframework/spring-tx/4.3.7.RELEASE/spring-tx-4.3.7.RELEASE.pom
2017-03-29 10:52:36,245 [Worker-39] INFO  o.e.m.c.i.e.AbstractTransferListenerAdapter - Downloading https://repo.spring.io/libs-milestone/org/springframework/spring-core/4.3.7.RELEASE/spring-core-4.3.7.RELEASE.jar
2017-03-29 10:52:36,346 [Worker-33] INFO  o.e.m.c.i.e.AbstractTransferListenerAdapter - Downloading https://repo.spring.io/libs-milestone/org/springframework/spring-core/4.3.7.RELEASE/spring-core-4.3.7.RELEASE.jar
2017-03-29 10:52:37,281 [Worker-39] INFO  o.e.m.c.i.e.AbstractTransferListenerAdapter - Downloaded https://repo.spring.io/libs-milestone/org/springframework/spring-core/4.3.7.RELEASE/spring-core-4.3.7.RELEASE.jar
2017-03-29 10:52:37,472 [Worker-39] INFO  o.e.m.c.i.e.AbstractTransferListenerAdapter - Downloading https://repo.spring.io/libs-milestone/commons-logging/commons-logging/1.2/commons-logging-1.2.jar
2017-03-29 10:52:37,573 [Worker-33] INFO  o.e.m.c.i.e.AbstractTransferListenerAdapter - Downloaded https://repo.spring.io/libs-milestone/org/springframework/spring-core/4.3.7.RELEASE/spring-core-4.3.7.RELEASE.jar
2017-03-29 10:52:37,698 [Worker-39] INFO  o.e.m.c.i.e.AbstractTransferListenerAdapter - Downloaded https://repo.spring.io/libs-milestone/commons-logging/commons-logging/1.2/commons-logging-1.2.jar
2017-03-29 10:52:37,874 [Worker-39] INFO  o.e.m.c.i.e.AbstractTransferListenerAdapter - Downloading https://repo.spring.io/libs-milestone/org/springframework/spring-jdbc/4.3.7.RELEASE/spring-jdbc-4.3.7.RELEASE.jar
2017-03-29 10:52:37,957 [Worker-33] INFO  o.e.m.c.i.e.AbstractTransferListenerAdapter - Downloading https://repo.spring.io/libs-milestone/commons-logging/commons-logging/1.2/commons-logging-1.2.jar
2017-03-29 10:52:38,191 [Worker-33] INFO  o.e.m.c.i.e.AbstractTransferListenerAdapter - Downloaded https://repo.spring.io/libs-milestone/commons-logging/commons-logging/1.2/commons-logging-1.2.jar
2017-03-29 10:52:38,367 [Worker-33] INFO  o.e.m.c.i.e.AbstractTransferListenerAdapter - Downloading https://repo.spring.io/libs-milestone/org/springframework/spring-jdbc/4.3.7.RELEASE/spring-jdbc-4.3.7.RELEASE.jar
2017-03-29 10:52:38,388 [Worker-39] INFO  o.e.m.c.i.e.AbstractTransferListenerAdapter - Downloaded https://repo.spring.io/libs-milestone/org/springframework/spring-jdbc/4.3.7.RELEASE/spring-jdbc-4.3.7.RELEASE.jar
2017-03-29 10:52:38,559 [Worker-33] INFO  o.e.m.c.i.e.AbstractTransferListenerAdapter - Downloaded https://repo.spring.io/libs-milestone/org/springframework/spring-jdbc/4.3.7.RELEASE/spring-jdbc-4.3.7.RELEASE.jar
2017-03-29 10:52:38,564 [Worker-39] INFO  o.e.m.c.i.e.AbstractTransferListenerAdapter - Downloading https://repo.spring.io/libs-milestone/org/springframework/spring-beans/4.3.7.RELEASE/spring-beans-4.3.7.RELEASE.jar
2017-03-29 10:52:38,733 [Worker-33] INFO  o.e.m.c.i.e.AbstractTransferListenerAdapter - Downloading https://repo.spring.io/libs-milestone/org/springframework/spring-beans/4.3.7.RELEASE/spring-beans-4.3.7.RELEASE.jar
2017-03-29 10:52:39,451 [Worker-39] INFO  o.e.m.c.i.e.AbstractTransferListenerAdapter - Downloaded https://repo.spring.io/libs-milestone/org/springframework/spring-beans/4.3.7.RELEASE/spring-beans-4.3.7.RELEASE.jar
2017-03-29 10:52:39,471 [Worker-33] INFO  o.e.m.c.i.e.AbstractTransferListenerAdapter - Downloaded https://repo.spring.io/libs-milestone/org/springframework/spring-beans/4.3.7.RELEASE/spring-beans-4.3.7.RELEASE.jar
2017-03-29 10:52:39,625 [Worker-39] INFO  o.e.m.c.i.e.AbstractTransferListenerAdapter - Downloading https://repo.spring.io/libs-milestone/org/springframework/spring-tx/4.3.7.RELEASE/spring-tx-4.3.7.RELEASE.jar
2017-03-29 10:52:39,654 [Worker-33] INFO  o.e.m.c.i.e.AbstractTransferListenerAdapter - Downloading https://repo.spring.io/libs-milestone/org/springframework/spring-tx/4.3.7.RELEASE/spring-tx-4.3.7.RELEASE.jar
2017-03-29 10:52:40,081 [Worker-39] INFO  o.e.m.c.i.e.AbstractTransferListenerAdapter - Downloaded https://repo.spring.io/libs-milestone/org/springframework/spring-tx/4.3.7.RELEASE/spring-tx-4.3.7.RELEASE.jar
2017-03-29 10:52:40,156 [Worker-33] INFO  o.e.m.c.i.e.AbstractTransferListenerAdapter - Downloaded https://repo.spring.io/libs-milestone/org/springframework/spring-tx/4.3.7.RELEASE/spring-tx-4.3.7.RELEASE.jar
2017-03-29 10:52:41,374 [Worker-33] INFO  o.e.m.c.i.e.AbstractTransferListenerAdapter - Downloading https://repo.maven.apache.org/maven2/org/springframework/spring-jdbc/4.3.7.RELEASE/spring-jdbc-4.3.7.RELEASE.jar
2017-03-29 10:52:42,277 [Worker-33] INFO  o.e.m.c.i.e.AbstractTransferListenerAdapter - Downloaded https://repo.maven.apache.org/maven2/org/springframework/spring-jdbc/4.3.7.RELEASE/spring-jdbc-4.3.7.RELEASE.jar
2017-03-29 10:52:42,473 [Worker-33] WARN  o.e.m.c.i.embedder.EclipseLogger - Using platform encoding (UTF-8 actually) to copy filtered resources, i.e. build is platform dependent!
2017-03-29 10:52:42,473 [Worker-33] INFO  o.e.m.c.i.embedder.EclipseLogger - skip non existing resourceDirectory /home/rafael/desenvolvimento/workspaces/springworkspace/SpringBatchExample/src/main/resources
2017-03-29 10:52:42,481 [Worker-33] WARN  o.e.m.c.i.embedder.EclipseLogger - Using platform encoding (UTF-8 actually) to copy filtered resources, i.e. build is platform dependent!
2017-03-29 10:52:42,482 [Worker-33] INFO  o.e.m.c.i.embedder.EclipseLogger - skip non existing resourceDirectory /home/rafael/desenvolvimento/workspaces/springworkspace/SpringBatchExample/src/test/resources
2017-03-29 10:52:43,913 [Worker-41] WARN  o.e.m.c.i.embedder.EclipseLogger - Using platform encoding (UTF-8 actually) to copy filtered resources, i.e. build is platform dependent!
2017-03-29 10:52:43,913 [Worker-41] INFO  o.e.m.c.i.embedder.EclipseLogger - skip non existing resourceDirectory /home/rafael/desenvolvimento/workspaces/springworkspace/SpringBatchExample/src/main/resources
2017-03-29 10:52:43,914 [Worker-41] WARN  o.e.m.c.i.embedder.EclipseLogger - Using platform encoding (UTF-8 actually) to copy filtered resources, i.e. build is platform dependent!
2017-03-29 10:52:43,915 [Worker-41] INFO  o.e.m.c.i.embedder.EclipseLogger - skip non existing resourceDirectory /home/rafael/desenvolvimento/workspaces/springworkspace/SpringBatchExample/src/test/resources
2017-03-29 10:55:37,154 [Worker-43] INFO  o.e.m.c.i.l.LifecycleMappingFactory - Using org.eclipse.m2e.jdt.JarLifecycleMapping lifecycle mapping for MavenProject: br.com.rafaelvcunha:SpringBatchExample:1.0-SNAPSHOT @ /home/rafael/desenvolvimento/workspaces/springworkspace/SpringBatchExample/pom.xml.
2017-03-29 10:55:37,321 [Worker-43] WARN  o.e.m.c.i.embedder.EclipseLogger - Using platform encoding (UTF-8 actually) to copy filtered resources, i.e. build is platform dependent!
2017-03-29 10:55:37,322 [Worker-43] INFO  o.e.m.c.i.embedder.EclipseLogger - skip non existing resourceDirectory /home/rafael/desenvolvimento/workspaces/springworkspace/SpringBatchExample/src/main/resources
2017-03-29 10:55:37,324 [Worker-43] WARN  o.e.m.c.i.embedder.EclipseLogger - Using platform encoding (UTF-8 actually) to copy filtered resources, i.e. build is platform dependent!
2017-03-29 10:55:37,326 [Worker-43] INFO  o.e.m.c.i.embedder.EclipseLogger - skip non existing resourceDirectory /home/rafael/desenvolvimento/workspaces/springworkspace/SpringBatchExample/src/test/resources
2017-03-29 11:24:57,763 [Worker-55] INFO  o.e.m.c.i.e.AbstractTransferListenerAdapter - Downloading https://repo.spring.io/libs-milestone/mysql/mysql-connector-java/6.0.6/mysql-connector-java-6.0.6.pom
2017-03-29 11:24:57,963 [Worker-55] INFO  o.e.m.c.i.e.AbstractTransferListenerAdapter - Downloaded https://repo.spring.io/libs-milestone/mysql/mysql-connector-java/6.0.6/mysql-connector-java-6.0.6.pom
2017-03-29 11:24:58,095 [Worker-53] INFO  o.e.m.c.i.l.LifecycleMappingFactory - Using org.eclipse.m2e.jdt.JarLifecycleMapping lifecycle mapping for MavenProject: br.com.rafaelvcunha:SpringBatchExample:1.0-SNAPSHOT @ /home/rafael/desenvolvimento/workspaces/springworkspace/SpringBatchExample/pom.xml.
2017-03-29 11:24:58,157 [Worker-55] INFO  o.e.m.c.i.e.AbstractTransferListenerAdapter - Downloading https://repo.spring.io/libs-milestone/mysql/mysql-connector-java/6.0.6/mysql-connector-java-6.0.6.jar
2017-03-29 11:24:58,433 [Worker-53] INFO  o.e.m.c.i.e.AbstractTransferListenerAdapter - Downloading https://repo.spring.io/libs-milestone/mysql/mysql-connector-java/6.0.6/mysql-connector-java-6.0.6.jar
2017-03-29 11:24:59,634 [Worker-55] INFO  o.e.m.c.i.e.AbstractTransferListenerAdapter - Downloaded https://repo.spring.io/libs-milestone/mysql/mysql-connector-java/6.0.6/mysql-connector-java-6.0.6.jar
2017-03-29 11:25:00,095 [Worker-53] INFO  o.e.m.c.i.e.AbstractTransferListenerAdapter - Downloaded https://repo.spring.io/libs-milestone/mysql/mysql-connector-java/6.0.6/mysql-connector-java-6.0.6.jar
2017-03-29 11:25:00,934 [Worker-53] WARN  o.e.m.c.i.embedder.EclipseLogger - Using platform encoding (UTF-8 actually) to copy filtered resources, i.e. build is platform dependent!
2017-03-29 11:25:00,967 [Worker-53] INFO  o.e.m.c.i.embedder.EclipseLogger - skip non existing resourceDirectory /home/rafael/desenvolvimento/workspaces/springworkspace/SpringBatchExample/src/main/resources
2017-03-29 11:25:00,969 [Worker-53] WARN  o.e.m.c.i.embedder.EclipseLogger - Using platform encoding (UTF-8 actually) to copy filtered resources, i.e. build is platform dependent!
2017-03-29 11:25:00,980 [Worker-53] INFO  o.e.m.c.i.embedder.EclipseLogger - skip non existing resourceDirectory /home/rafael/desenvolvimento/workspaces/springworkspace/SpringBatchExample/src/test/resources
2017-03-29 11:25:02,776 [Worker-53] WARN  o.e.m.c.i.embedder.EclipseLogger - Using platform encoding (UTF-8 actually) to copy filtered resources, i.e. build is platform dependent!
2017-03-29 11:25:02,776 [Worker-53] INFO  o.e.m.c.i.embedder.EclipseLogger - skip non existing resourceDirectory /home/rafael/desenvolvimento/workspaces/springworkspace/SpringBatchExample/src/main/resources
2017-03-29 11:25:02,777 [Worker-53] WARN  o.e.m.c.i.embedder.EclipseLogger - Using platform encoding (UTF-8 actually) to copy filtered resources, i.e. build is platform dependent!
2017-03-29 11:25:02,778 [Worker-53] INFO  o.e.m.c.i.embedder.EclipseLogger - skip non existing resourceDirectory /home/rafael/desenvolvimento/workspaces/springworkspace/SpringBatchExample/src/test/resources
2017-03-29 11:25:50,938 [Worker-54] INFO  o.e.m.c.i.l.LifecycleMappingFactory - Using org.eclipse.m2e.jdt.JarLifecycleMapping lifecycle mapping for MavenProject: br.com.rafaelvcunha:SpringBatchExample:1.0-SNAPSHOT @ /home/rafael/desenvolvimento/workspaces/springworkspace/SpringBatchExample/pom.xml.
2017-03-29 11:25:51,276 [Worker-54] INFO  o.e.m.c.i.e.AbstractTransferListenerAdapter - Downloading https://repo.spring.io/libs-milestone/junit/junit/4.12/junit-4.12.pom
2017-03-29 11:25:51,483 [Worker-54] INFO  o.e.m.c.i.e.AbstractTransferListenerAdapter - Downloaded https://repo.spring.io/libs-milestone/junit/junit/4.12/junit-4.12.pom
2017-03-29 11:25:51,676 [Worker-54] INFO  o.e.m.c.i.e.AbstractTransferListenerAdapter - Downloading https://repo.spring.io/libs-milestone/org/hamcrest/hamcrest-core/1.3/hamcrest-core-1.3.pom
2017-03-29 11:25:51,867 [Worker-54] INFO  o.e.m.c.i.e.AbstractTransferListenerAdapter - Downloaded https://repo.spring.io/libs-milestone/org/hamcrest/hamcrest-core/1.3/hamcrest-core-1.3.pom
2017-03-29 11:25:52,063 [Worker-54] INFO  o.e.m.c.i.e.AbstractTransferListenerAdapter - Downloading https://repo.spring.io/libs-milestone/org/hamcrest/hamcrest-parent/1.3/hamcrest-parent-1.3.pom
2017-03-29 11:25:52,250 [Worker-54] INFO  o.e.m.c.i.e.AbstractTransferListenerAdapter - Downloaded https://repo.spring.io/libs-milestone/org/hamcrest/hamcrest-parent/1.3/hamcrest-parent-1.3.pom
2017-03-29 11:25:52,474 [Worker-54] INFO  o.e.m.c.i.e.AbstractTransferListenerAdapter - Downloading https://repo.spring.io/libs-milestone/junit/junit/4.12/junit-4.12.jar
2017-03-29 11:25:52,983 [Worker-54] INFO  o.e.m.c.i.e.AbstractTransferListenerAdapter - Downloaded https://repo.spring.io/libs-milestone/junit/junit/4.12/junit-4.12.jar
2017-03-29 11:25:53,174 [Worker-54] INFO  o.e.m.c.i.e.AbstractTransferListenerAdapter - Downloading https://repo.spring.io/libs-milestone/org/hamcrest/hamcrest-core/1.3/hamcrest-core-1.3.jar
2017-03-29 11:25:53,376 [Worker-54] INFO  o.e.m.c.i.e.AbstractTransferListenerAdapter - Downloaded https://repo.spring.io/libs-milestone/org/hamcrest/hamcrest-core/1.3/hamcrest-core-1.3.jar
2017-03-29 11:25:53,743 [Worker-54] WARN  o.e.m.c.i.embedder.EclipseLogger - Using platform encoding (UTF-8 actually) to copy filtered resources, i.e. build is platform dependent!
2017-03-29 11:25:53,744 [Worker-54] INFO  o.e.m.c.i.embedder.EclipseLogger - skip non existing resourceDirectory /home/rafael/desenvolvimento/workspaces/springworkspace/SpringBatchExample/src/main/resources
2017-03-29 11:25:53,746 [Worker-54] WARN  o.e.m.c.i.embedder.EclipseLogger - Using platform encoding (UTF-8 actually) to copy filtered resources, i.e. build is platform dependent!
2017-03-29 11:25:53,747 [Worker-54] INFO  o.e.m.c.i.embedder.EclipseLogger - skip non existing resourceDirectory /home/rafael/desenvolvimento/workspaces/springworkspace/SpringBatchExample/src/test/resources
2017-03-29 11:25:55,080 [Worker-54] WARN  o.e.m.c.i.embedder.EclipseLogger - Using platform encoding (UTF-8 actually) to copy filtered resources, i.e. build is platform dependent!
2017-03-29 11:25:55,080 [Worker-54] INFO  o.e.m.c.i.embedder.EclipseLogger - skip non existing resourceDirectory /home/rafael/desenvolvimento/workspaces/springworkspace/SpringBatchExample/src/main/resources
2017-03-29 11:25:55,082 [Worker-54] WARN  o.e.m.c.i.embedder.EclipseLogger - Using platform encoding (UTF-8 actually) to copy filtered resources, i.e. build is platform dependent!
2017-03-29 11:25:55,082 [Worker-54] INFO  o.e.m.c.i.embedder.EclipseLogger - skip non existing resourceDirectory /home/rafael/desenvolvimento/workspaces/springworkspace/SpringBatchExample/src/test/resources
2017-03-29 11:30:00,136 [Worker-55] INFO  o.e.m.c.i.p.ProjectConfigurationManager - Update started
2017-03-29 11:30:00,737 [Worker-55] INFO  o.e.m.c.i.l.LifecycleMappingFactory - Using org.eclipse.m2e.jdt.JarLifecycleMapping lifecycle mapping for MavenProject: br.com.rafaelvcunha:SpringBatchExample:1.0-SNAPSHOT @ /home/rafael/desenvolvimento/workspaces/springworkspace/SpringBatchExample/pom.xml.
2017-03-29 11:30:00,868 [Worker-55] INFO  o.e.m.j.i.AbstractJavaProjectConfigurator - Adding source folder /SpringBatchExample/src/main/java
2017-03-29 11:30:00,870 [Worker-55] INFO  o.e.m.j.i.AbstractJavaProjectConfigurator - Adding source folder /SpringBatchExample/src/test/java
2017-03-29 11:30:00,959 [Worker-55] INFO  o.e.m.c.i.p.ProjectConfigurationManager - Update completed: 0 sec
2017-03-29 11:30:01,173 [Worker-58] WARN  o.e.m.c.i.embedder.EclipseLogger - Using platform encoding (UTF-8 actually) to copy filtered resources, i.e. build is platform dependent!
2017-03-29 11:30:01,174 [Worker-58] INFO  o.e.m.c.i.embedder.EclipseLogger - skip non existing resourceDirectory /home/rafael/desenvolvimento/workspaces/springworkspace/SpringBatchExample/src/main/resources
2017-03-29 11:30:01,176 [Worker-58] WARN  o.e.m.c.i.embedder.EclipseLogger - Using platform encoding (UTF-8 actually) to copy filtered resources, i.e. build is platform dependent!
2017-03-29 11:30:01,176 [Worker-58] INFO  o.e.m.c.i.embedder.EclipseLogger - skip non existing resourceDirectory /home/rafael/desenvolvimento/workspaces/springworkspace/SpringBatchExample/src/test/resources
2017-03-29 11:31:37,233 [Worker-56] WARN  o.e.m.c.i.embedder.EclipseLogger - Using platform encoding (UTF-8 actually) to copy filtered resources, i.e. build is platform dependent!
2017-03-29 11:31:37,233 [Worker-56] INFO  o.e.m.c.i.embedder.EclipseLogger - skip non existing resourceDirectory /home/rafael/desenvolvimento/workspaces/springworkspace/SpringBatchExample/src/main/resources
2017-03-29 11:31:37,236 [Worker-56] WARN  o.e.m.c.i.embedder.EclipseLogger - Using platform encoding (UTF-8 actually) to copy filtered resources, i.e. build is platform dependent!
2017-03-29 11:31:37,237 [Worker-56] INFO  o.e.m.c.i.embedder.EclipseLogger - skip non existing resourceDirectory /home/rafael/desenvolvimento/workspaces/springworkspace/SpringBatchExample/src/test/resources
2017-03-29 11:32:43,246 [Worker-61] WARN  o.e.m.c.i.embedder.EclipseLogger - Using platform encoding (UTF-8 actually) to copy filtered resources, i.e. build is platform dependent!
2017-03-29 11:32:43,247 [Worker-61] INFO  o.e.m.c.i.embedder.EclipseLogger - skip non existing resourceDirectory /home/rafael/desenvolvimento/workspaces/springworkspace/SpringBatchExample/src/main/resources
2017-03-29 11:32:43,274 [Worker-61] WARN  o.e.m.c.i.embedder.EclipseLogger - Using platform encoding (UTF-8 actually) to copy filtered resources, i.e. build is platform dependent!
2017-03-29 11:32:43,274 [Worker-61] INFO  o.e.m.c.i.embedder.EclipseLogger - skip non existing resourceDirectory /home/rafael/desenvolvimento/workspaces/springworkspace/SpringBatchExample/src/test/resources
2017-03-29 11:33:28,397 [Worker-61] WARN  o.e.m.c.i.embedder.EclipseLogger - Using platform encoding (UTF-8 actually) to copy filtered resources, i.e. build is platform dependent!
2017-03-29 11:33:28,400 [Worker-61] INFO  o.e.m.c.i.embedder.EclipseLogger - skip non existing resourceDirectory /home/rafael/desenvolvimento/workspaces/springworkspace/SpringBatchExample/src/main/resources
2017-03-29 11:33:28,405 [Worker-61] WARN  o.e.m.c.i.embedder.EclipseLogger - Using platform encoding (UTF-8 actually) to copy filtered resources, i.e. build is platform dependent!
2017-03-29 11:33:28,406 [Worker-61] INFO  o.e.m.c.i.embedder.EclipseLogger - skip non existing resourceDirectory /home/rafael/desenvolvimento/workspaces/springworkspace/SpringBatchExample/src/test/resources
2017-03-29 11:33:45,472 [Worker-58] WARN  o.e.m.c.i.embedder.EclipseLogger - Using platform encoding (UTF-8 actually) to copy filtered resources, i.e. build is platform dependent!
2017-03-29 11:33:45,472 [Worker-58] INFO  o.e.m.c.i.embedder.EclipseLogger - skip non existing resourceDirectory /home/rafael/desenvolvimento/workspaces/springworkspace/SpringBatchExample/src/main/resources
2017-03-29 11:33:45,473 [Worker-58] WARN  o.e.m.c.i.embedder.EclipseLogger - Using platform encoding (UTF-8 actually) to copy filtered resources, i.e. build is platform dependent!
2017-03-29 11:33:45,474 [Worker-58] INFO  o.e.m.c.i.embedder.EclipseLogger - skip non existing resourceDirectory /home/rafael/desenvolvimento/workspaces/springworkspace/SpringBatchExample/src/test/resources
2017-03-29 11:33:59,716 [Worker-61] WARN  o.e.m.c.i.embedder.EclipseLogger - Using platform encoding (UTF-8 actually) to copy filtered resources, i.e. build is platform dependent!
2017-03-29 11:33:59,717 [Worker-61] INFO  o.e.m.c.i.embedder.EclipseLogger - skip non existing resourceDirectory /home/rafael/desenvolvimento/workspaces/springworkspace/SpringBatchExample/src/main/resources
2017-03-29 11:33:59,718 [Worker-61] WARN  o.e.m.c.i.embedder.EclipseLogger - Using platform encoding (UTF-8 actually) to copy filtered resources, i.e. build is platform dependent!
2017-03-29 11:33:59,721 [Worker-61] INFO  o.e.m.c.i.embedder.EclipseLogger - skip non existing resourceDirectory /home/rafael/desenvolvimento/workspaces/springworkspace/SpringBatchExample/src/test/resources
2017-03-29 11:34:13,658 [Worker-58] WARN  o.e.m.c.i.embedder.EclipseLogger - Using platform encoding (UTF-8 actually) to copy filtered resources, i.e. build is platform dependent!
2017-03-29 11:34:13,658 [Worker-58] INFO  o.e.m.c.i.embedder.EclipseLogger - skip non existing resourceDirectory /home/rafael/desenvolvimento/workspaces/springworkspace/SpringBatchExample/src/main/resources
2017-03-29 11:34:13,660 [Worker-58] WARN  o.e.m.c.i.embedder.EclipseLogger - Using platform encoding (UTF-8 actually) to copy filtered resources, i.e. build is platform dependent!
2017-03-29 11:34:13,662 [Worker-58] INFO  o.e.m.c.i.embedder.EclipseLogger - skip non existing resourceDirectory /home/rafael/desenvolvimento/workspaces/springworkspace/SpringBatchExample/src/test/resources
2017-03-29 11:35:13,460 [Worker-58] WARN  o.e.m.c.i.embedder.EclipseLogger - Using platform encoding (UTF-8 actually) to copy filtered resources, i.e. build is platform dependent!
2017-03-29 11:35:13,461 [Worker-58] INFO  o.e.m.c.i.embedder.EclipseLogger - skip non existing resourceDirectory /home/rafael/desenvolvimento/workspaces/springworkspace/SpringBatchExample/src/main/resources
2017-03-29 11:35:13,462 [Worker-58] WARN  o.e.m.c.i.embedder.EclipseLogger - Using platform encoding (UTF-8 actually) to copy filtered resources, i.e. build is platform dependent!
2017-03-29 11:35:13,463 [Worker-58] INFO  o.e.m.c.i.embedder.EclipseLogger - skip non existing resourceDirectory /home/rafael/desenvolvimento/workspaces/springworkspace/SpringBatchExample/src/test/resources
2017-03-29 11:36:02,470 [Worker-55] WARN  o.e.m.c.i.embedder.EclipseLogger - Using platform encoding (UTF-8 actually) to copy filtered resources, i.e. build is platform dependent!
2017-03-29 11:36:02,471 [Worker-55] INFO  o.e.m.c.i.embedder.EclipseLogger - skip non existing resourceDirectory /home/rafael/desenvolvimento/workspaces/springworkspace/SpringBatchExample/src/main/resources
2017-03-29 11:36:02,471 [Worker-55] WARN  o.e.m.c.i.embedder.EclipseLogger - Using platform encoding (UTF-8 actually) to copy filtered resources, i.e. build is platform dependent!
2017-03-29 11:36:02,472 [Worker-55] INFO  o.e.m.c.i.embedder.EclipseLogger - skip non existing resourceDirectory /home/rafael/desenvolvimento/workspaces/springworkspace/SpringBatchExample/src/test/resources
2017-03-29 11:37:25,543 [Worker-55] WARN  o.e.m.c.i.embedder.EclipseLogger - Using platform encoding (UTF-8 actually) to copy filtered resources, i.e. build is platform dependent!
2017-03-29 11:37:25,544 [Worker-55] INFO  o.e.m.c.i.embedder.EclipseLogger - skip non existing resourceDirectory /home/rafael/desenvolvimento/workspaces/springworkspace/SpringBatchExample/src/main/resources
2017-03-29 11:37:25,545 [Worker-55] WARN  o.e.m.c.i.embedder.EclipseLogger - Using platform encoding (UTF-8 actually) to copy filtered resources, i.e. build is platform dependent!
2017-03-29 11:37:25,545 [Worker-55] INFO  o.e.m.c.i.embedder.EclipseLogger - skip non existing resourceDirectory /home/rafael/desenvolvimento/workspaces/springworkspace/SpringBatchExample/src/test/resources
2017-03-29 11:38:51,416 [Worker-61] WARN  o.e.m.c.i.embedder.EclipseLogger - Using platform encoding (UTF-8 actually) to copy filtered resources, i.e. build is platform dependent!
2017-03-29 11:38:51,417 [Worker-61] INFO  o.e.m.c.i.embedder.EclipseLogger - skip non existing resourceDirectory /home/rafael/desenvolvimento/workspaces/springworkspace/SpringBatchExample/src/main/resources
2017-03-29 11:38:51,418 [Worker-61] WARN  o.e.m.c.i.embedder.EclipseLogger - Using platform encoding (UTF-8 actually) to copy filtered resources, i.e. build is platform dependent!
2017-03-29 11:38:51,418 [Worker-61] INFO  o.e.m.c.i.embedder.EclipseLogger - skip non existing resourceDirectory /home/rafael/desenvolvimento/workspaces/springworkspace/SpringBatchExample/src/test/resources
2017-03-29 11:42:54,741 [Worker-64] WARN  o.e.m.c.i.embedder.EclipseLogger - Using platform encoding (UTF-8 actually) to copy filtered resources, i.e. build is platform dependent!
2017-03-29 11:42:54,742 [Worker-64] INFO  o.e.m.c.i.embedder.EclipseLogger - skip non existing resourceDirectory /home/rafael/desenvolvimento/workspaces/springworkspace/SpringBatchExample/src/main/resources
2017-03-29 11:42:54,744 [Worker-64] WARN  o.e.m.c.i.embedder.EclipseLogger - Using platform encoding (UTF-8 actually) to copy filtered resources, i.e. build is platform dependent!
2017-03-29 11:42:54,744 [Worker-64] INFO  o.e.m.c.i.embedder.EclipseLogger - skip non existing resourceDirectory /home/rafael/desenvolvimento/workspaces/springworkspace/SpringBatchExample/src/test/resources
2017-03-29 11:43:14,382 [Worker-63] WARN  o.e.m.c.i.embedder.EclipseLogger - Using platform encoding (UTF-8 actually) to copy filtered resources, i.e. build is platform dependent!
2017-03-29 11:43:14,382 [Worker-63] INFO  o.e.m.c.i.embedder.EclipseLogger - skip non existing resourceDirectory /home/rafael/desenvolvimento/workspaces/springworkspace/SpringBatchExample/src/main/resources
2017-03-29 11:43:14,383 [Worker-63] WARN  o.e.m.c.i.embedder.EclipseLogger - Using platform encoding (UTF-8 actually) to copy filtered resources, i.e. build is platform dependent!
2017-03-29 11:43:14,384 [Worker-63] INFO  o.e.m.c.i.embedder.EclipseLogger - skip non existing resourceDirectory /home/rafael/desenvolvimento/workspaces/springworkspace/SpringBatchExample/src/test/resources
2017-03-29 11:44:54,152 [Worker-63] WARN  o.e.m.c.i.embedder.EclipseLogger - Using platform encoding (UTF-8 actually) to copy filtered resources, i.e. build is platform dependent!
2017-03-29 11:44:54,153 [Worker-63] INFO  o.e.m.c.i.embedder.EclipseLogger - skip non existing resourceDirectory /home/rafael/desenvolvimento/workspaces/springworkspace/SpringBatchExample/src/main/resources
2017-03-29 11:44:54,154 [Worker-63] WARN  o.e.m.c.i.embedder.EclipseLogger - Using platform encoding (UTF-8 actually) to copy filtered resources, i.e. build is platform dependent!
2017-03-29 11:44:54,154 [Worker-63] INFO  o.e.m.c.i.embedder.EclipseLogger - skip non existing resourceDirectory /home/rafael/desenvolvimento/workspaces/springworkspace/SpringBatchExample/src/test/resources
2017-03-29 11:45:10,902 [Worker-63] WARN  o.e.m.c.i.embedder.EclipseLogger - Using platform encoding (UTF-8 actually) to copy filtered resources, i.e. build is platform dependent!
2017-03-29 11:45:10,903 [Worker-63] INFO  o.e.m.c.i.embedder.EclipseLogger - skip non existing resourceDirectory /home/rafael/desenvolvimento/workspaces/springworkspace/SpringBatchExample/src/main/resources
2017-03-29 11:45:10,904 [Worker-63] WARN  o.e.m.c.i.embedder.EclipseLogger - Using platform encoding (UTF-8 actually) to copy filtered resources, i.e. build is platform dependent!
2017-03-29 11:45:10,904 [Worker-63] INFO  o.e.m.c.i.embedder.EclipseLogger - skip non existing resourceDirectory /home/rafael/desenvolvimento/workspaces/springworkspace/SpringBatchExample/src/test/resources
2017-03-29 13:44:18,240 [Worker-98] WARN  o.e.m.c.i.embedder.EclipseLogger - Using platform encoding (UTF-8 actually) to copy filtered resources, i.e. build is platform dependent!
2017-03-29 13:44:18,241 [Worker-98] INFO  o.e.m.c.i.embedder.EclipseLogger - skip non existing resourceDirectory /home/rafael/desenvolvimento/workspaces/springworkspace/SpringBatchExample/src/main/resources
2017-03-29 13:44:18,252 [Worker-98] WARN  o.e.m.c.i.embedder.EclipseLogger - Using platform encoding (UTF-8 actually) to copy filtered resources, i.e. build is platform dependent!
2017-03-29 13:44:18,252 [Worker-98] INFO  o.e.m.c.i.embedder.EclipseLogger - skip non existing resourceDirectory /home/rafael/desenvolvimento/workspaces/springworkspace/SpringBatchExample/src/test/resources
2017-03-29 13:47:43,724 [Worker-101] WARN  o.e.m.c.i.embedder.EclipseLogger - Using platform encoding (UTF-8 actually) to copy filtered resources, i.e. build is platform dependent!
2017-03-29 13:47:43,724 [Worker-101] INFO  o.e.m.c.i.embedder.EclipseLogger - skip non existing resourceDirectory /home/rafael/desenvolvimento/workspaces/springworkspace/SpringBatchExample/src/main/resources
2017-03-29 13:47:43,726 [Worker-101] WARN  o.e.m.c.i.embedder.EclipseLogger - Using platform encoding (UTF-8 actually) to copy filtered resources, i.e. build is platform dependent!
2017-03-29 13:47:43,726 [Worker-101] INFO  o.e.m.c.i.embedder.EclipseLogger - skip non existing resourceDirectory /home/rafael/desenvolvimento/workspaces/springworkspace/SpringBatchExample/src/test/resources
2017-03-29 13:47:57,702 [Worker-96] WARN  o.e.m.c.i.embedder.EclipseLogger - Using platform encoding (UTF-8 actually) to copy filtered resources, i.e. build is platform dependent!
2017-03-29 13:47:57,703 [Worker-96] INFO  o.e.m.c.i.embedder.EclipseLogger - skip non existing resourceDirectory /home/rafael/desenvolvimento/workspaces/springworkspace/SpringBatchExample/src/main/resources
2017-03-29 13:47:57,704 [Worker-96] WARN  o.e.m.c.i.embedder.EclipseLogger - Using platform encoding (UTF-8 actually) to copy filtered resources, i.e. build is platform dependent!
2017-03-29 13:47:57,705 [Worker-96] INFO  o.e.m.c.i.embedder.EclipseLogger - skip non existing resourceDirectory /home/rafael/desenvolvimento/workspaces/springworkspace/SpringBatchExample/src/test/resources
2017-03-29 13:49:06,157 [Worker-99] WARN  o.e.m.c.i.embedder.EclipseLogger - Using platform encoding (UTF-8 actually) to copy filtered resources, i.e. build is platform dependent!
2017-03-29 13:49:06,157 [Worker-99] INFO  o.e.m.c.i.embedder.EclipseLogger - skip non existing resourceDirectory /home/rafael/desenvolvimento/workspaces/springworkspace/SpringBatchExample/src/main/resources
2017-03-29 13:49:06,159 [Worker-99] WARN  o.e.m.c.i.embedder.EclipseLogger - Using platform encoding (UTF-8 actually) to copy filtered resources, i.e. build is platform dependent!
2017-03-29 13:49:06,159 [Worker-99] INFO  o.e.m.c.i.embedder.EclipseLogger - skip non existing resourceDirectory /home/rafael/desenvolvimento/workspaces/springworkspace/SpringBatchExample/src/test/resources
2017-03-29 13:50:46,603 [Worker-99] WARN  o.e.m.c.i.embedder.EclipseLogger - Using platform encoding (UTF-8 actually) to copy filtered resources, i.e. build is platform dependent!
2017-03-29 13:50:46,603 [Worker-99] INFO  o.e.m.c.i.embedder.EclipseLogger - skip non existing resourceDirectory /home/rafael/desenvolvimento/workspaces/springworkspace/SpringBatchExample/src/main/resources
2017-03-29 13:50:46,604 [Worker-99] WARN  o.e.m.c.i.embedder.EclipseLogger - Using platform encoding (UTF-8 actually) to copy filtered resources, i.e. build is platform dependent!
2017-03-29 13:50:46,605 [Worker-99] INFO  o.e.m.c.i.embedder.EclipseLogger - skip non existing resourceDirectory /home/rafael/desenvolvimento/workspaces/springworkspace/SpringBatchExample/src/test/resources
2017-03-29 13:52:12,042 [Worker-101] WARN  o.e.m.c.i.embedder.EclipseLogger - Using platform encoding (UTF-8 actually) to copy filtered resources, i.e. build is platform dependent!
2017-03-29 13:52:12,042 [Worker-101] INFO  o.e.m.c.i.embedder.EclipseLogger - skip non existing resourceDirectory /home/rafael/desenvolvimento/workspaces/springworkspace/SpringBatchExample/src/main/resources
2017-03-29 13:52:12,043 [Worker-101] WARN  o.e.m.c.i.embedder.EclipseLogger - Using platform encoding (UTF-8 actually) to copy filtered resources, i.e. build is platform dependent!
2017-03-29 13:52:12,044 [Worker-101] INFO  o.e.m.c.i.embedder.EclipseLogger - skip non existing resourceDirectory /home/rafael/desenvolvimento/workspaces/springworkspace/SpringBatchExample/src/test/resources
2017-03-29 13:54:44,897 [Worker-106] INFO  o.e.m.c.i.e.AbstractTransferListenerAdapter - Downloading https://repo.spring.io/libs-milestone/org/springframework/spring-core/4.3.7.RELEASE/spring-core-4.3.7.RELEASE-sources.jar
2017-03-29 13:54:45,525 [Worker-106] INFO  o.e.m.c.i.e.AbstractTransferListenerAdapter - Downloaded https://repo.spring.io/libs-milestone/org/springframework/spring-core/4.3.7.RELEASE/spring-core-4.3.7.RELEASE-sources.jar
2017-03-29 13:54:45,764 [Worker-106] INFO  o.e.m.j.internal.DownloadSourcesJob - Downloaded sources for org.springframework:spring-core:4.3.7.RELEASE
2017-03-29 13:54:45,964 [Worker-106] WARN  o.e.m.c.i.embedder.EclipseLogger - Using platform encoding (UTF-8 actually) to copy filtered resources, i.e. build is platform dependent!
2017-03-29 13:54:45,964 [Worker-106] INFO  o.e.m.c.i.embedder.EclipseLogger - skip non existing resourceDirectory /home/rafael/desenvolvimento/workspaces/springworkspace/SpringBatchExample/src/main/resources
2017-03-29 13:54:45,965 [Worker-106] WARN  o.e.m.c.i.embedder.EclipseLogger - Using platform encoding (UTF-8 actually) to copy filtered resources, i.e. build is platform dependent!
2017-03-29 13:54:45,966 [Worker-106] INFO  o.e.m.c.i.embedder.EclipseLogger - skip non existing resourceDirectory /home/rafael/desenvolvimento/workspaces/springworkspace/SpringBatchExample/src/test/resources
2017-03-29 13:55:03,688 [Worker-103] INFO  o.e.m.c.i.p.ProjectConfigurationManager - Update started
2017-03-29 13:55:03,967 [Worker-103] INFO  o.e.m.c.i.l.LifecycleMappingFactory - Using org.eclipse.m2e.jdt.JarLifecycleMapping lifecycle mapping for MavenProject: br.com.rafaelvcunha:SpringBatchExample:1.0-SNAPSHOT @ /home/rafael/desenvolvimento/workspaces/springworkspace/SpringBatchExample/pom.xml.
2017-03-29 13:55:04,139 [Worker-103] INFO  o.e.m.j.i.AbstractJavaProjectConfigurator - Adding source folder /SpringBatchExample/src/main/java
2017-03-29 13:55:04,140 [Worker-103] INFO  o.e.m.j.i.AbstractJavaProjectConfigurator - Adding source folder /SpringBatchExample/src/test/java
2017-03-29 13:55:04,215 [Worker-103] INFO  o.e.m.c.i.p.ProjectConfigurationManager - Update completed: 0 sec
2017-03-29 13:55:04,576 [Worker-103] WARN  o.e.m.c.i.embedder.EclipseLogger - Using platform encoding (UTF-8 actually) to copy filtered resources, i.e. build is platform dependent!
2017-03-29 13:55:04,577 [Worker-103] INFO  o.e.m.c.i.embedder.EclipseLogger - skip non existing resourceDirectory /home/rafael/desenvolvimento/workspaces/springworkspace/SpringBatchExample/src/main/resources
2017-03-29 13:55:04,580 [Worker-103] WARN  o.e.m.c.i.embedder.EclipseLogger - Using platform encoding (UTF-8 actually) to copy filtered resources, i.e. build is platform dependent!
2017-03-29 13:55:04,580 [Worker-103] INFO  o.e.m.c.i.embedder.EclipseLogger - skip non existing resourceDirectory /home/rafael/desenvolvimento/workspaces/springworkspace/SpringBatchExample/src/test/resources
2017-03-29 13:55:29,515 [Worker-108] INFO  o.e.m.i.launch.MavenLaunchDelegate - /home/rafael/desenvolvimento/workspaces/springworkspace/SpringBatchExample
2017-03-29 13:55:29,516 [Worker-108] INFO  o.e.m.i.launch.MavenLaunchDelegate -  mvn -B clean
2017-03-29 13:55:33,750 [Worker-106] WARN  o.e.m.c.i.embedder.EclipseLogger - Using platform encoding (UTF-8 actually) to copy filtered resources, i.e. build is platform dependent!
2017-03-29 13:55:33,753 [Worker-106] INFO  o.e.m.c.i.embedder.EclipseLogger - skip non existing resourceDirectory /home/rafael/desenvolvimento/workspaces/springworkspace/SpringBatchExample/src/main/resources
2017-03-29 13:55:33,754 [Worker-106] WARN  o.e.m.c.i.embedder.EclipseLogger - Using platform encoding (UTF-8 actually) to copy filtered resources, i.e. build is platform dependent!
2017-03-29 13:55:33,754 [Worker-106] INFO  o.e.m.c.i.embedder.EclipseLogger - skip non existing resourceDirectory /home/rafael/desenvolvimento/workspaces/springworkspace/SpringBatchExample/src/test/resources
2017-03-29 13:55:43,261 [Worker-108] INFO  o.e.m.i.launch.MavenLaunchDelegate - /home/rafael/desenvolvimento/workspaces/springworkspace/SpringBatchExample
2017-03-29 13:55:43,261 [Worker-108] INFO  o.e.m.i.launch.MavenLaunchDelegate -  mvn -B install
2017-03-29 13:55:55,692 [Worker-109] WARN  o.e.m.c.i.embedder.EclipseLogger - Using platform encoding (UTF-8 actually) to copy filtered resources, i.e. build is platform dependent!
2017-03-29 13:55:55,692 [Worker-109] INFO  o.e.m.c.i.embedder.EclipseLogger - skip non existing resourceDirectory /home/rafael/desenvolvimento/workspaces/springworkspace/SpringBatchExample/src/main/resources
2017-03-29 13:55:55,693 [Worker-109] WARN  o.e.m.c.i.embedder.EclipseLogger - Using platform encoding (UTF-8 actually) to copy filtered resources, i.e. build is platform dependent!
2017-03-29 13:55:55,693 [Worker-109] INFO  o.e.m.c.i.embedder.EclipseLogger - skip non existing resourceDirectory /home/rafael/desenvolvimento/workspaces/springworkspace/SpringBatchExample/src/test/resources
2017-03-29 14:03:24,413 [Worker-110] WARN  o.e.m.c.i.embedder.EclipseLogger - Using platform encoding (UTF-8 actually) to copy filtered resources, i.e. build is platform dependent!
2017-03-29 14:03:24,511 [Worker-110] INFO  o.e.m.c.i.embedder.EclipseLogger - Copying 4 resources
2017-03-29 14:03:24,517 [Worker-110] WARN  o.e.m.c.i.embedder.EclipseLogger - Using platform encoding (UTF-8 actually) to copy filtered resources, i.e. build is platform dependent!
2017-03-29 14:03:24,518 [Worker-110] INFO  o.e.m.c.i.embedder.EclipseLogger - skip non existing resourceDirectory /home/rafael/desenvolvimento/workspaces/springworkspace/SpringBatchExample/src/test/resources
2017-03-29 14:03:40,369 [Worker-111] INFO  o.e.m.c.i.p.ProjectConfigurationManager - Update started
2017-03-29 14:03:40,508 [Worker-111] INFO  o.e.m.c.i.l.LifecycleMappingFactory - Using org.eclipse.m2e.jdt.JarLifecycleMapping lifecycle mapping for MavenProject: br.com.rafaelvcunha:SpringBatchExample:1.0-SNAPSHOT @ /home/rafael/desenvolvimento/workspaces/springworkspace/SpringBatchExample/pom.xml.
2017-03-29 14:03:40,753 [Worker-111] INFO  o.e.m.j.i.AbstractJavaProjectConfigurator - Adding source folder /SpringBatchExample/src/main/java
2017-03-29 14:03:40,754 [Worker-111] INFO  o.e.m.j.i.AbstractJavaProjectConfigurator - Adding resource folder /SpringBatchExample/src/main/resources
2017-03-29 14:03:40,754 [Worker-111] INFO  o.e.m.j.i.AbstractJavaProjectConfigurator - Adding source folder /SpringBatchExample/src/test/java
2017-03-29 14:03:40,984 [Worker-111] INFO  o.e.m.c.i.p.ProjectConfigurationManager - Update completed: 0 sec
2017-03-29 14:03:41,250 [Worker-114] WARN  o.e.m.c.i.embedder.EclipseLogger - Using platform encoding (UTF-8 actually) to copy filtered resources, i.e. build is platform dependent!
2017-03-29 14:03:41,254 [Worker-114] INFO  o.e.m.c.i.embedder.EclipseLogger - Copying 4 resources
2017-03-29 14:03:41,267 [Worker-114] WARN  o.e.m.c.i.embedder.EclipseLogger - Using platform encoding (UTF-8 actually) to copy filtered resources, i.e. build is platform dependent!
2017-03-29 14:03:41,268 [Worker-114] INFO  o.e.m.c.i.embedder.EclipseLogger - skip non existing resourceDirectory /home/rafael/desenvolvimento/workspaces/springworkspace/SpringBatchExample/src/test/resources
2017-03-29 14:25:53,463 [Worker-117] INFO  o.e.m.c.i.l.LifecycleMappingFactory - Using org.eclipse.m2e.jdt.JarLifecycleMapping lifecycle mapping for MavenProject: br.com.rafaelvcunha:SpringBatchExample:1.0-SNAPSHOT @ /home/rafael/desenvolvimento/workspaces/springworkspace/SpringBatchExample/pom.xml.
2017-03-29 14:25:53,841 [Worker-117] INFO  o.e.m.c.i.e.AbstractTransferListenerAdapter - Downloading https://repo.spring.io/libs-milestone/org/mariadb/jdbc/mariadb-java-client/1.5.9/mariadb-java-client-1.5.9.pom
2017-03-29 14:25:54,027 [Worker-117] INFO  o.e.m.c.i.e.AbstractTransferListenerAdapter - Downloaded https://repo.spring.io/libs-milestone/org/mariadb/jdbc/mariadb-java-client/1.5.9/mariadb-java-client-1.5.9.pom
2017-03-29 14:25:54,308 [Worker-117] INFO  o.e.m.c.i.e.AbstractTransferListenerAdapter - Downloading https://repo.spring.io/libs-milestone/org/sonatype/oss/oss-parent/9/oss-parent-9.pom
2017-03-29 14:25:54,487 [Worker-117] INFO  o.e.m.c.i.e.AbstractTransferListenerAdapter - Downloaded https://repo.spring.io/libs-milestone/org/sonatype/oss/oss-parent/9/oss-parent-9.pom
2017-03-29 14:25:54,687 [Worker-117] INFO  o.e.m.c.i.e.AbstractTransferListenerAdapter - Downloading https://repo.spring.io/libs-milestone/org/mariadb/jdbc/mariadb-java-client/1.5.9/mariadb-java-client-1.5.9.jar
2017-03-29 14:25:55,113 [Worker-117] INFO  o.e.m.c.i.e.AbstractTransferListenerAdapter - Downloaded https://repo.spring.io/libs-milestone/org/mariadb/jdbc/mariadb-java-client/1.5.9/mariadb-java-client-1.5.9.jar
2017-03-29 14:26:19,781 [Worker-122] INFO  o.e.m.c.i.l.LifecycleMappingFactory - Using org.eclipse.m2e.jdt.JarLifecycleMapping lifecycle mapping for MavenProject: br.com.rafaelvcunha:SpringBatchExample:1.0-SNAPSHOT @ /home/rafael/desenvolvimento/workspaces/springworkspace/SpringBatchExample/pom.xml.
2017-03-29 14:26:19,916 [Worker-122] WARN  o.e.m.c.i.embedder.EclipseLogger - Using platform encoding (UTF-8 actually) to copy filtered resources, i.e. build is platform dependent!
2017-03-29 14:26:19,918 [Worker-122] INFO  o.e.m.c.i.embedder.EclipseLogger - Copying 0 resource
2017-03-29 14:26:19,926 [Worker-122] WARN  o.e.m.c.i.embedder.EclipseLogger - Using platform encoding (UTF-8 actually) to copy filtered resources, i.e. build is platform dependent!
2017-03-29 14:26:19,926 [Worker-122] INFO  o.e.m.c.i.embedder.EclipseLogger - skip non existing resourceDirectory /home/rafael/desenvolvimento/workspaces/springworkspace/SpringBatchExample/src/test/resources
2017-03-29 14:26:42,346 [Worker-122] WARN  o.e.m.c.i.embedder.EclipseLogger - Using platform encoding (UTF-8 actually) to copy filtered resources, i.e. build is platform dependent!
2017-03-29 14:26:42,347 [Worker-122] INFO  o.e.m.c.i.embedder.EclipseLogger - Copying 1 resource
2017-03-29 14:26:42,355 [Worker-122] WARN  o.e.m.c.i.embedder.EclipseLogger - Using platform encoding (UTF-8 actually) to copy filtered resources, i.e. build is platform dependent!
2017-03-29 14:26:42,355 [Worker-122] INFO  o.e.m.c.i.embedder.EclipseLogger - skip non existing resourceDirectory /home/rafael/desenvolvimento/workspaces/springworkspace/SpringBatchExample/src/test/resources
2017-03-29 14:27:18,570 [Worker-122] WARN  o.e.m.c.i.embedder.EclipseLogger - Using platform encoding (UTF-8 actually) to copy filtered resources, i.e. build is platform dependent!
2017-03-29 14:27:18,571 [Worker-122] INFO  o.e.m.c.i.embedder.EclipseLogger - Copying 1 resource
2017-03-29 14:27:18,573 [Worker-122] WARN  o.e.m.c.i.embedder.EclipseLogger - Using platform encoding (UTF-8 actually) to copy filtered resources, i.e. build is platform dependent!
2017-03-29 14:27:18,574 [Worker-122] INFO  o.e.m.c.i.embedder.EclipseLogger - skip non existing resourceDirectory /home/rafael/desenvolvimento/workspaces/springworkspace/SpringBatchExample/src/test/resources
2017-03-29 14:27:36,157 [Worker-120] INFO  o.e.m.c.i.p.ProjectConfigurationManager - Update started
2017-03-29 14:27:36,264 [Worker-120] INFO  o.e.m.c.i.l.LifecycleMappingFactory - Using org.eclipse.m2e.jdt.JarLifecycleMapping lifecycle mapping for MavenProject: br.com.rafaelvcunha:SpringBatchExample:1.0-SNAPSHOT @ /home/rafael/desenvolvimento/workspaces/springworkspace/SpringBatchExample/pom.xml.
2017-03-29 14:27:36,358 [Worker-120] INFO  o.e.m.j.i.AbstractJavaProjectConfigurator - Adding source folder /SpringBatchExample/src/main/java
2017-03-29 14:27:36,359 [Worker-120] INFO  o.e.m.j.i.AbstractJavaProjectConfigurator - Adding resource folder /SpringBatchExample/src/main/resources
2017-03-29 14:27:36,359 [Worker-120] INFO  o.e.m.j.i.AbstractJavaProjectConfigurator - Adding source folder /SpringBatchExample/src/test/java
2017-03-29 14:27:36,400 [Worker-120] INFO  o.e.m.c.i.p.ProjectConfigurationManager - Update completed: 0 sec
2017-03-29 14:27:36,653 [Worker-118] WARN  o.e.m.c.i.embedder.EclipseLogger - Using platform encoding (UTF-8 actually) to copy filtered resources, i.e. build is platform dependent!
2017-03-29 14:27:36,654 [Worker-118] INFO  o.e.m.c.i.embedder.EclipseLogger - Copying 4 resources
2017-03-29 14:27:36,660 [Worker-118] WARN  o.e.m.c.i.embedder.EclipseLogger - Using platform encoding (UTF-8 actually) to copy filtered resources, i.e. build is platform dependent!
2017-03-29 14:27:36,660 [Worker-118] INFO  o.e.m.c.i.embedder.EclipseLogger - skip non existing resourceDirectory /home/rafael/desenvolvimento/workspaces/springworkspace/SpringBatchExample/src/test/resources
2017-03-29 14:27:44,738 [Worker-117] INFO  o.e.m.i.launch.MavenLaunchDelegate - /home/rafael/desenvolvimento/workspaces/springworkspace/SpringBatchExample
2017-03-29 14:27:44,738 [Worker-117] INFO  o.e.m.i.launch.MavenLaunchDelegate -  mvn -B clean
2017-03-29 14:27:47,015 [Worker-121] WARN  o.e.m.c.i.embedder.EclipseLogger - Using platform encoding (UTF-8 actually) to copy filtered resources, i.e. build is platform dependent!
2017-03-29 14:27:47,019 [Worker-121] INFO  o.e.m.c.i.embedder.EclipseLogger - Copying 4 resources
2017-03-29 14:27:47,021 [Worker-121] WARN  o.e.m.c.i.embedder.EclipseLogger - Using platform encoding (UTF-8 actually) to copy filtered resources, i.e. build is platform dependent!
2017-03-29 14:27:47,022 [Worker-121] INFO  o.e.m.c.i.embedder.EclipseLogger - skip non existing resourceDirectory /home/rafael/desenvolvimento/workspaces/springworkspace/SpringBatchExample/src/test/resources
2017-03-29 14:27:53,202 [Worker-119] INFO  o.e.m.i.launch.MavenLaunchDelegate - /home/rafael/desenvolvimento/workspaces/springworkspace/SpringBatchExample
2017-03-29 14:27:53,202 [Worker-119] INFO  o.e.m.i.launch.MavenLaunchDelegate -  mvn -B install
2017-03-29 14:27:59,239 [Worker-120] WARN  o.e.m.c.i.embedder.EclipseLogger - Using platform encoding (UTF-8 actually) to copy filtered resources, i.e. build is platform dependent!
2017-03-29 14:27:59,240 [Worker-120] INFO  o.e.m.c.i.embedder.EclipseLogger - Copying 4 resources
2017-03-29 14:27:59,241 [Worker-120] WARN  o.e.m.c.i.embedder.EclipseLogger - Using platform encoding (UTF-8 actually) to copy filtered resources, i.e. build is platform dependent!
2017-03-29 14:27:59,242 [Worker-120] INFO  o.e.m.c.i.embedder.EclipseLogger - skip non existing resourceDirectory /home/rafael/desenvolvimento/workspaces/springworkspace/SpringBatchExample/src/test/resources
2017-03-29 14:36:23,077 [Worker-120] WARN  o.e.m.c.i.embedder.EclipseLogger - Using platform encoding (UTF-8 actually) to copy filtered resources, i.e. build is platform dependent!
2017-03-29 14:36:23,078 [Worker-120] INFO  o.e.m.c.i.embedder.EclipseLogger - Copying 1 resource
2017-03-29 14:36:23,079 [Worker-120] WARN  o.e.m.c.i.embedder.EclipseLogger - Using platform encoding (UTF-8 actually) to copy filtered resources, i.e. build is platform dependent!
2017-03-29 14:36:23,079 [Worker-120] INFO  o.e.m.c.i.embedder.EclipseLogger - skip non existing resourceDirectory /home/rafael/desenvolvimento/workspaces/springworkspace/SpringBatchExample/src/test/resources
2017-03-29 14:37:16,704 [Worker-126] WARN  o.e.m.c.i.embedder.EclipseLogger - Using platform encoding (UTF-8 actually) to copy filtered resources, i.e. build is platform dependent!
2017-03-29 14:37:16,705 [Worker-126] INFO  o.e.m.c.i.embedder.EclipseLogger - Copying 1 resource
2017-03-29 14:37:16,706 [Worker-126] WARN  o.e.m.c.i.embedder.EclipseLogger - Using platform encoding (UTF-8 actually) to copy filtered resources, i.e. build is platform dependent!
2017-03-29 14:37:16,707 [Worker-126] INFO  o.e.m.c.i.embedder.EclipseLogger - skip non existing resourceDirectory /home/rafael/desenvolvimento/workspaces/springworkspace/SpringBatchExample/src/test/resources
2017-03-29 14:38:48,860 [Worker-126] WARN  o.e.m.c.i.embedder.EclipseLogger - Using platform encoding (UTF-8 actually) to copy filtered resources, i.e. build is platform dependent!
2017-03-29 14:38:48,861 [Worker-126] INFO  o.e.m.c.i.embedder.EclipseLogger - Copying 1 resource
2017-03-29 14:38:48,864 [Worker-126] WARN  o.e.m.c.i.embedder.EclipseLogger - Using platform encoding (UTF-8 actually) to copy filtered resources, i.e. build is platform dependent!
2017-03-29 14:38:48,865 [Worker-126] INFO  o.e.m.c.i.embedder.EclipseLogger - skip non existing resourceDirectory /home/rafael/desenvolvimento/workspaces/springworkspace/SpringBatchExample/src/test/resources
2017-03-29 14:39:10,160 [Worker-126] WARN  o.e.m.c.i.embedder.EclipseLogger - Using platform encoding (UTF-8 actually) to copy filtered resources, i.e. build is platform dependent!
2017-03-29 14:39:10,160 [Worker-126] INFO  o.e.m.c.i.embedder.EclipseLogger - Copying 1 resource
2017-03-29 14:39:10,162 [Worker-126] WARN  o.e.m.c.i.embedder.EclipseLogger - Using platform encoding (UTF-8 actually) to copy filtered resources, i.e. build is platform dependent!
2017-03-29 14:39:10,163 [Worker-126] INFO  o.e.m.c.i.embedder.EclipseLogger - skip non existing resourceDirectory /home/rafael/desenvolvimento/workspaces/springworkspace/SpringBatchExample/src/test/resources
2017-03-29 14:41:36,889 [Worker-123] INFO  o.e.m.c.i.e.AbstractTransferListenerAdapter - Downloading https://repo.spring.io/libs-milestone/org/springframework/spring-context/5.0.0.M4/spring-context-5.0.0.M4-sources.jar
2017-03-29 14:41:37,909 [Worker-123] INFO  o.e.m.c.i.e.AbstractTransferListenerAdapter - Downloaded https://repo.spring.io/libs-milestone/org/springframework/spring-context/5.0.0.M4/spring-context-5.0.0.M4-sources.jar
2017-03-29 14:41:38,058 [Worker-123] INFO  o.e.m.j.internal.DownloadSourcesJob - Downloaded sources for org.springframework:spring-context:5.0.0.M4
2017-03-29 14:41:38,240 [Worker-123] WARN  o.e.m.c.i.embedder.EclipseLogger - Using platform encoding (UTF-8 actually) to copy filtered resources, i.e. build is platform dependent!
2017-03-29 14:41:38,241 [Worker-123] INFO  o.e.m.c.i.embedder.EclipseLogger - Copying 0 resource
2017-03-29 14:41:38,244 [Worker-123] WARN  o.e.m.c.i.embedder.EclipseLogger - Using platform encoding (UTF-8 actually) to copy filtered resources, i.e. build is platform dependent!
2017-03-29 14:41:38,244 [Worker-123] INFO  o.e.m.c.i.embedder.EclipseLogger - skip non existing resourceDirectory /home/rafael/desenvolvimento/workspaces/springworkspace/SpringBatchExample/src/test/resources
2017-03-29 14:42:20,232 [Worker-130] WARN  o.e.m.c.i.embedder.EclipseLogger - Using platform encoding (UTF-8 actually) to copy filtered resources, i.e. build is platform dependent!
2017-03-29 14:42:20,233 [Worker-130] INFO  o.e.m.c.i.embedder.EclipseLogger - Copying 1 resource
2017-03-29 14:42:20,235 [Worker-130] WARN  o.e.m.c.i.embedder.EclipseLogger - Using platform encoding (UTF-8 actually) to copy filtered resources, i.e. build is platform dependent!
2017-03-29 14:42:20,236 [Worker-130] INFO  o.e.m.c.i.embedder.EclipseLogger - skip non existing resourceDirectory /home/rafael/desenvolvimento/workspaces/springworkspace/SpringBatchExample/src/test/resources
2017-03-29 14:42:29,993 [Worker-129] WARN  o.e.m.c.i.embedder.EclipseLogger - Using platform encoding (UTF-8 actually) to copy filtered resources, i.e. build is platform dependent!
2017-03-29 14:42:29,994 [Worker-129] INFO  o.e.m.c.i.embedder.EclipseLogger - Copying 1 resource
2017-03-29 14:42:29,995 [Worker-129] WARN  o.e.m.c.i.embedder.EclipseLogger - Using platform encoding (UTF-8 actually) to copy filtered resources, i.e. build is platform dependent!
2017-03-29 14:42:29,996 [Worker-129] INFO  o.e.m.c.i.embedder.EclipseLogger - skip non existing resourceDirectory /home/rafael/desenvolvimento/workspaces/springworkspace/SpringBatchExample/src/test/resources
2017-03-29 14:43:56,290 [Worker-131] WARN  o.e.m.c.i.embedder.EclipseLogger - Using platform encoding (UTF-8 actually) to copy filtered resources, i.e. build is platform dependent!
2017-03-29 14:43:56,290 [Worker-131] INFO  o.e.m.c.i.embedder.EclipseLogger - Copying 1 resource
2017-03-29 14:43:56,293 [Worker-131] WARN  o.e.m.c.i.embedder.EclipseLogger - Using platform encoding (UTF-8 actually) to copy filtered resources, i.e. build is platform dependent!
2017-03-29 14:43:56,293 [Worker-131] INFO  o.e.m.c.i.embedder.EclipseLogger - skip non existing resourceDirectory /home/rafael/desenvolvimento/workspaces/springworkspace/SpringBatchExample/src/test/resources
